This file contains any messages produced by compilers while
running configure, to aid debugging if configure makes a mistake.

It was created by configure, which was
generated by GNU Autoconf 2.52.20081225.  Invocation command line was

  $ ./configure 

## ---------- ##
## Platform.  ##
## ---------- ##

hostname = kripke
uname -m = x86_64
uname -r = 3.9.4-1-ARCH
uname -s = Linux
uname -v = #1 SMP PREEMPT Sat May 25 16:14:55 CEST 2013

/usr/bin/uname -p = unknown
/bin/uname -X     = unknown

/bin/arch              = unknown
/usr/bin/arch -k       = unknown
/usr/convex/getsysinfo = unknown
hostinfo               = unknown
/bin/machine           = unknown
/usr/bin/oslevel       = unknown
/bin/universe          = unknown

PATH = /home/msw978/scripts:/opt/android-sdk/tools:/opt/android-sdk/platform-tools:/usr/local/sbin:/usr/local/bin:/usr/bin:/opt/android-sdk/platform-tools:/opt/android-sdk/tools:/opt/java/bin:/opt/java/db/bin:/opt/java/jre/bin:/usr/bin/vendor_perl:/usr/bin/core_perl

## ------------ ##
## Core tests.  ##
## ------------ ##

configure:1077: PATH=".;."; conftest.sh
./configure: line 1078: conftest.sh: command not found
configure:1080: $? = 127
configure:1129: checking build system type
configure:1147: result: x86_64-unknown-linux-gnu
configure:1154: checking host system type
configure:1168: result: x86_64-unknown-linux-gnu
configure:1176: checking target system type
configure:1190: result: x86_64-unknown-linux-gnu
configure:1221: result: Configuring for linux-gnu
configure:1244: checking for DESTDIR
configure:1289: result: 
configure:1343: checking for gcc
configure:1358: found /usr/bin/gcc
configure:1366: result: gcc
configure:1594: checking for C compiler version
configure:1597: gcc --version </dev/null >&5
gcc (GCC) 4.8.1
Copyright (C) 2013 Free Software Foundation, Inc.
This is free software; see the source for copying conditions.  There is NO
warranty; not even for MERCHANTABILITY or FITNESS FOR A PARTICULAR PURPOSE.

configure:1600: $? = 0
configure:1602: gcc -v </dev/null >&5
Using built-in specs.
COLLECT_GCC=gcc
COLLECT_LTO_WRAPPER=/usr/lib/gcc/x86_64-unknown-linux-gnu/4.8.1/lto-wrapper
Target: x86_64-unknown-linux-gnu
Configured with: /build/gcc/src/gcc-4.8.1/configure --prefix=/usr --libdir=/usr/lib --libexecdir=/usr/lib --mandir=/usr/share/man --infodir=/usr/share/info --with-bugurl=https://bugs.archlinux.org/ --enable-languages=c,c++,ada,fortran,go,lto,objc,obj-c++ --enable-shared --enable-threads=posix --with-system-zlib --enable-__cxa_atexit --disable-libunwind-exceptions --enable-clocale=gnu --disable-libstdcxx-pch --enable-gnu-unique-object --enable-linker-build-id --enable-cloog-backend=isl --disable-cloog-version-check --enable-lto --enable-gold --enable-ld=default --enable-plugin --with-plugin-ld=ld.gold --with-linker-hash-style=gnu --disable-install-libiberty --disable-multilib --disable-libssp --disable-werror --enable-checking=release
Thread model: posix
gcc version 4.8.1 (GCC) 
configure:1605: $? = 0
configure:1607: gcc -V </dev/null >&5
gcc: error: unrecognized command line option '-V'
gcc: fatal error: no input files
compilation terminated.
configure:1610: $? = 1
configure:1630: checking for C compiler default output
configure:1633: gcc    conftest.c  >&5
configure:1636: $? = 0
configure:1665: result: a.out
configure:1670: checking whether the C compiler works
configure:1676: ./a.out
configure:1679: $? = 0
configure:1694: result: yes
configure:1701: checking whether we are cross compiling
configure:1703: result: no
configure:1706: checking for executable suffix
configure:1708: gcc -o conftest    conftest.c  >&5
configure:1711: $? = 0
configure:1733: result: 
configure:1739: checking for object suffix
configure:1757: gcc -c   conftest.c >&5
configure:1760: $? = 0
configure:1779: result: o
configure:1783: checking whether we are using the GNU C compiler
configure:1804: gcc -c   conftest.c >&5
configure:1807: $? = 0
configure:1810: test -s conftest.o
configure:1813: $? = 0
configure:1825: result: yes
configure:1831: checking whether gcc accepts -g
configure:1849: gcc -c -g  conftest.c >&5
configure:1852: $? = 0
configure:1855: test -s conftest.o
configure:1858: $? = 0
configure:1868: result: yes
configure:1895: gcc -c -g -O2  conftest.c >&5
conftest.c:2:3: error: unknown type name 'choke'
   choke me
   ^
conftest.c:2:3: error: expected '=', ',', ';', 'asm' or '__attribute__' at end of input
configure:1898: $? = 1
configure: failed program was:
#ifndef __cplusplus
  choke me
#endif
configure:2003: checking how to run the C preprocessor
configure:2029: gcc -E  conftest.c
configure:2035: $? = 0
configure:2062: gcc -E  conftest.c
configure:2059:28: fatal error: ac_nonexistent.h: No such file or directory
 #include "confdefs.h"
                            ^
compilation terminated.
configure:2068: $? = 1
configure: failed program was:
#line 2058 "configure"
#include "confdefs.h"
#include <ac_nonexistent.h>
configure:2105: result: gcc -E
configure:2120: gcc -E  conftest.c
configure:2126: $? = 0
configure:2153: gcc -E  conftest.c
configure:2150:28: fatal error: ac_nonexistent.h: No such file or directory
 #include "confdefs.h"
                            ^
compilation terminated.
configure:2159: $? = 1
configure: failed program was:
#line 2149 "configure"
#include "confdefs.h"
#include <ac_nonexistent.h>
configure:2199: checking whether ln -s works
configure:2203: result: yes
configure:2219: checking whether make sets ${MAKE}
configure:2239: result: yes
configure:2260: checking for a BSD compatible install
configure:2309: result: /usr/bin/install -c
configure:2324: checking for bison
configure:2339: found /usr/bin/bison
configure:2347: result: bison -y
configure:2362: checking for lint
configure:2377: found /opt/android-sdk/tools/lint
configure:2385: result: lint
configure:2395: checking for AIX
configure:2414: result: no
configure:2419: checking for POSIXized ISC
configure:2438: result: no
configure:2638: checking for ranlib
configure:2653: found /usr/bin/ranlib
configure:2662: result: ranlib
configure:2712: checking for ar
configure:2727: found /usr/bin/ar
configure:2736: result: ar
configure:2748: checking for options to update archives
configure:2764: gcc -c -g -O2  conftest.c >&5
configure:2767: $? = 0
configure:2785: result: -curv
configure:2791: checking if you want to see long compiling messages
configure:2825: result: yes
configure:2835: checking if you want to check memory-leaks
configure:2852: result: no
configure:2861: checking if you want to enable debug-code
configure:2878: result: no
configure:2903: checking if you want to enable lynx trace code *recommended* 
configure:2920: result: yes
configure:2926: checking if you want verbose trace code
configure:2943: result: no
configure:2951: checking if you want to turn on gcc warnings
configure:2968: result: no
configure:3211: checking if you want to use dbmalloc for testing
configure:3227: result: no
configure:3412: checking if you want to use dmalloc for testing
configure:3428: result: no
configure:3617: checking for gcc option to accept ANSI C
configure:3674: gcc  -c -O2  conftest.c >&5
configure:3677: $? = 0
configure:3680: test -s conftest.o
configure:3683: $? = 0
configure:3700: result: none needed
configure:3708: checking for an ANSI C-conforming const
configure:3772: gcc -c -O2  conftest.c >&5
configure:3775: $? = 0
configure:3778: test -s conftest.o
configure:3781: $? = 0
configure:3791: result: yes
configure:4218: checking for gcc option to accept ANSI C
configure:4333: gcc -c -O2   -DCC_HAS_PROTOS conftest.c >&5
configure:4336: $? = 0
configure:4339: test -s conftest.o
configure:4342: $? = 0
configure:4355: result: -DCC_HAS_PROTOS
configure:4458: checking for special C compiler options needed for large files
configure:4532: result: no
configure:4538: checking for _FILE_OFFSET_BITS value needed for large files
configure:4566: gcc -c -O2  conftest.c >&5
configure:4569: $? = 0
configure:4572: test -s conftest.o
configure:4575: $? = 0
configure:4625: result: no
configure:4635: checking for _LARGE_FILES value needed for large files
configure:4663: gcc -c -O2  conftest.c >&5
configure:4666: $? = 0
configure:4669: test -s conftest.o
configure:4672: $? = 0
configure:4722: result: no
configure:4735: checking for _LARGEFILE_SOURCE value needed for large files
configure:4755: gcc -c -O2  conftest.c >&5
configure:4758: $? = 0
configure:4761: test -s conftest.o
configure:4764: $? = 0
configure:4806: result: no
configure:4820: checking for fseeko
configure:4838: gcc -o conftest -O2   conftest.c  >&5
configure:4841: $? = 0
configure:4844: test -s conftest
configure:4847: $? = 0
configure:4857: result: yes
configure:4878: checking whether to use struct dirent64
configure:4906: gcc -c -O2  conftest.c >&5
configure: In function 'main':
configure:4895:28: error: conflicting types for 'readdir'
   /* if transitional largefile support is setup, this is true */
                            ^
In file included from configure:4888:0:
/usr/include/dirent.h:163:23: note: previous declaration of 'readdir' was here
 extern struct dirent *readdir (DIR *__dirp) __nonnull ((1));
                       ^
configure:4897:22: warning: initialization from incompatible pointer type [enabled by default]
   struct dirent64 *x = readdir((DIR *)0);
                      ^
configure:4898:13: error: invalid operands to binary - (have 'struct dirent64 *' and 'struct dirent *')
   struct dirent *y = readdir((DIR *)0);
             ^
configure:4909: $? = 1
configure: failed program was:
#line 4885 "configure"
#include "confdefs.h"

#include <sys/types.h>
#include <dirent.h>

int
main ()
{

		/* if transitional largefile support is setup, this is true */
		extern struct dirent64 * readdir(DIR *);
		struct dirent64 *x = readdir((DIR *)0);
		struct dirent *y = readdir((DIR *)0);
		int z = x - y;

  ;
  return 0;
}
configure:4926: result: no
configure:4945: checking for msginit
configure:4972: result: /usr/bin/msginit
configure:4982: testing adding en.po ...
configure:5026: checking for ranlib
configure:5050: result: ranlib
configure:5062: checking for ANSI C header files
configure:5076: gcc -E  conftest.c
configure:5082: $? = 0
configure:5169: gcc -o conftest -O2   conftest.c  >&5
configure:5172: $? = 0
configure:5174: ./conftest
configure:5177: $? = 0
configure:5190: result: yes
configure:5200: checking for inline
configure:5217: gcc -c -O2  conftest.c >&5
configure:5220: $? = 0
configure:5223: test -s conftest.o
configure:5226: $? = 0
configure:5237: result: inline
configure:5258: checking for sys/types.h
configure:5270: gcc -c -O2  conftest.c >&5
configure:5273: $? = 0
configure:5276: test -s conftest.o
configure:5279: $? = 0
configure:5289: result: yes
configure:5258: checking for sys/stat.h
configure:5270: gcc -c -O2  conftest.c >&5
configure:5273: $? = 0
configure:5276: test -s conftest.o
configure:5279: $? = 0
configure:5289: result: yes
configure:5258: checking for stdlib.h
configure:5270: gcc -c -O2  conftest.c >&5
configure:5273: $? = 0
configure:5276: test -s conftest.o
configure:5279: $? = 0
configure:5289: result: yes
configure:5258: checking for string.h
configure:5270: gcc -c -O2  conftest.c >&5
configure:5273: $? = 0
configure:5276: test -s conftest.o
configure:5279: $? = 0
configure:5289: result: yes
configure:5258: checking for memory.h
configure:5270: gcc -c -O2  conftest.c >&5
configure:5273: $? = 0
configure:5276: test -s conftest.o
configure:5279: $? = 0
configure:5289: result: yes
configure:5258: checking for strings.h
configure:5270: gcc -c -O2  conftest.c >&5
configure:5273: $? = 0
configure:5276: test -s conftest.o
configure:5279: $? = 0
configure:5289: result: yes
configure:5258: checking for inttypes.h
configure:5270: gcc -c -O2  conftest.c >&5
configure:5273: $? = 0
configure:5276: test -s conftest.o
configure:5279: $? = 0
configure:5289: result: yes
configure:5258: checking for stdint.h
configure:5270: gcc -c -O2  conftest.c >&5
configure:5273: $? = 0
configure:5276: test -s conftest.o
configure:5279: $? = 0
configure:5289: result: yes
configure:5258: checking for unistd.h
configure:5270: gcc -c -O2  conftest.c >&5
configure:5273: $? = 0
configure:5276: test -s conftest.o
configure:5279: $? = 0
configure:5289: result: yes
configure:5299: checking for off_t
configure:5320: gcc -c -O2  conftest.c >&5
configure:5323: $? = 0
configure:5326: test -s conftest.o
configure:5329: $? = 0
configure:5339: result: yes
configure:5351: checking for size_t
configure:5372: gcc -c -O2  conftest.c >&5
configure:5375: $? = 0
configure:5378: test -s conftest.o
configure:5381: $? = 0
configure:5391: result: yes
configure:5405: checking for working alloca.h
configure:5423: gcc -o conftest -O2   conftest.c  >&5
configure:5426: $? = 0
configure:5429: test -s conftest
configure:5432: $? = 0
configure:5442: result: yes
configure:5452: checking for alloca
configure:5490: gcc -o conftest -O2   conftest.c  >&5
configure:5493: $? = 0
configure:5496: test -s conftest
configure:5499: $? = 0
configure:5509: result: yes
configure:5693: checking for stdlib.h
configure:5728: result: yes
configure:5693: checking for unistd.h
configure:5728: result: yes
configure:5741: checking for getpagesize
configure:5778: gcc -o conftest -O2   conftest.c  >&5
configure:5781: $? = 0
configure:5784: test -s conftest
configure:5787: $? = 0
configure:5797: result: yes
configure:5807: checking for working mmap
configure:5943: gcc -o conftest -O2   conftest.c  >&5
configure: In function 'main':
configure:5949:25: warning: cast from pointer to integer of different size [-Wpointer-to-int-cast]
   (eval $ac_try) 2>&5
                         ^
configure:5946: $? = 0
configure:5948: ./conftest
configure:5951: $? = 0
configure:5963: result: yes
configure:5974: checking whether we are using the GNU C Library 2.1 or newer
configure:6000: result: yes
configure:6024: checking for argz.h
configure:6034: gcc -E  conftest.c
configure:6040: $? = 0
configure:6059: result: yes
configure:6024: checking for limits.h
configure:6034: gcc -E  conftest.c
configure:6040: $? = 0
configure:6059: result: yes
configure:6024: checking for locale.h
configure:6034: gcc -E  conftest.c
configure:6040: $? = 0
configure:6059: result: yes
configure:6024: checking for nl_types.h
configure:6034: gcc -E  conftest.c
configure:6040: $? = 0
configure:6059: result: yes
configure:6024: checking for malloc.h
configure:6034: gcc -E  conftest.c
configure:6040: $? = 0
configure:6059: result: yes
configure:6024: checking for stddef.h
configure:6034: gcc -E  conftest.c
configure:6040: $? = 0
configure:6059: result: yes
configure:6024: checking for stdlib.h
configure:6059: result: yes
configure:6024: checking for string.h
configure:6059: result: yes
configure:6024: checking for unistd.h
configure:6059: result: yes
configure:6024: checking for sys/param.h
configure:6034: gcc -E  conftest.c
configure:6040: $? = 0
configure:6059: result: yes
configure:6074: checking for feof_unlocked
configure:6111: gcc -o conftest -O2   conftest.c  >&5
configure:6114: $? = 0
configure:6117: test -s conftest
configure:6120: $? = 0
configure:6130: result: yes
configure:6074: checking for fgets_unlocked
configure:6111: gcc -o conftest -O2   conftest.c  >&5
configure:6114: $? = 0
configure:6117: test -s conftest
configure:6120: $? = 0
configure:6130: result: yes
configure:6074: checking for getcwd
configure:6111: gcc -o conftest -O2   conftest.c  >&5
configure:6114: $? = 0
configure:6117: test -s conftest
configure:6120: $? = 0
configure:6130: result: yes
configure:6074: checking for getegid
configure:6111: gcc -o conftest -O2   conftest.c  >&5
configure:6114: $? = 0
configure:6117: test -s conftest
configure:6120: $? = 0
configure:6130: result: yes
configure:6074: checking for geteuid
configure:6111: gcc -o conftest -O2   conftest.c  >&5
configure:6114: $? = 0
configure:6117: test -s conftest
configure:6120: $? = 0
configure:6130: result: yes
configure:6074: checking for getgid
configure:6111: gcc -o conftest -O2   conftest.c  >&5
configure:6114: $? = 0
configure:6117: test -s conftest
configure:6120: $? = 0
configure:6130: result: yes
configure:6074: checking for getuid
configure:6111: gcc -o conftest -O2   conftest.c  >&5
configure:6114: $? = 0
configure:6117: test -s conftest
configure:6120: $? = 0
configure:6130: result: yes
configure:6074: checking for mempcpy
configure:6111: gcc -o conftest -O2   conftest.c  >&5
configure:6090:6: warning: conflicting types for built-in function 'mempcpy' [enabled by default]
    builtin and then its argument prototype would still apply.  */
      ^
configure:6114: $? = 0
configure:6117: test -s conftest
configure:6120: $? = 0
configure:6130: result: yes
configure:6074: checking for munmap
configure:6111: gcc -o conftest -O2   conftest.c  >&5
configure:6114: $? = 0
configure:6117: test -s conftest
configure:6120: $? = 0
configure:6130: result: yes
configure:6074: checking for putenv
configure:6111: gcc -o conftest -O2   conftest.c  >&5
configure:6114: $? = 0
configure:6117: test -s conftest
configure:6120: $? = 0
configure:6130: result: yes
configure:6074: checking for setenv
configure:6111: gcc -o conftest -O2   conftest.c  >&5
configure:6114: $? = 0
configure:6117: test -s conftest
configure:6120: $? = 0
configure:6130: result: yes
configure:6074: checking for setlocale
configure:6111: gcc -o conftest -O2   conftest.c  >&5
configure:6114: $? = 0
configure:6117: test -s conftest
configure:6120: $? = 0
configure:6130: result: yes
configure:6074: checking for stpcpy
configure:6111: gcc -o conftest -O2   conftest.c  >&5
configure:6090:6: warning: conflicting types for built-in function 'stpcpy' [enabled by default]
    builtin and then its argument prototype would still apply.  */
      ^
configure:6114: $? = 0
configure:6117: test -s conftest
configure:6120: $? = 0
configure:6130: result: yes
configure:6074: checking for strchr
configure:6111: gcc -o conftest -O2   conftest.c  >&5
configure:6090:6: warning: conflicting types for built-in function 'strchr' [enabled by default]
    builtin and then its argument prototype would still apply.  */
      ^
configure:6114: $? = 0
configure:6117: test -s conftest
configure:6120: $? = 0
configure:6130: result: yes
configure:6074: checking for strcasecmp
configure:6111: gcc -o conftest -O2   conftest.c  >&5
configure:6090:6: warning: conflicting types for built-in function 'strcasecmp' [enabled by default]
    builtin and then its argument prototype would still apply.  */
      ^
configure:6114: $? = 0
configure:6117: test -s conftest
configure:6120: $? = 0
configure:6130: result: yes
configure:6074: checking for strdup
configure:6111: gcc -o conftest -O2   conftest.c  >&5
configure:6090:6: warning: conflicting types for built-in function 'strdup' [enabled by default]
    builtin and then its argument prototype would still apply.  */
      ^
configure:6114: $? = 0
configure:6117: test -s conftest
configure:6120: $? = 0
configure:6130: result: yes
configure:6074: checking for strtoul
configure:6111: gcc -o conftest -O2   conftest.c  >&5
configure:6114: $? = 0
configure:6117: test -s conftest
configure:6120: $? = 0
configure:6130: result: yes
configure:6074: checking for tsearch
configure:6111: gcc -o conftest -O2   conftest.c  >&5
configure:6114: $? = 0
configure:6117: test -s conftest
configure:6120: $? = 0
configure:6130: result: yes
configure:6074: checking for __argz_count
configure:6111: gcc -o conftest -O2   conftest.c  >&5
configure:6114: $? = 0
configure:6117: test -s conftest
configure:6120: $? = 0
configure:6130: result: yes
configure:6074: checking for __argz_stringify
configure:6111: gcc -o conftest -O2   conftest.c  >&5
configure:6114: $? = 0
configure:6117: test -s conftest
configure:6120: $? = 0
configure:6130: result: yes
configure:6074: checking for __argz_next
configure:6111: gcc -o conftest -O2   conftest.c  >&5
configure:6114: $? = 0
configure:6117: test -s conftest
configure:6120: $? = 0
configure:6130: result: yes
configure:6385: checking for iconv
configure:6396: testing Starting FIND_LINKAGE(iconv,) ...
configure:6418: gcc -o conftest -O2   conftest.c  >&5
configure:6421: $? = 0
configure:6424: test -s conftest
configure:6427: $? = 0
configure:6774: result: yes
configure:6783: checking if the declaration of iconv() needs const.
configure:6815: gcc -c -O2  conftest.c >&5
configure:6818: $? = 0
configure:6821: test -s conftest.o
configure:6824: $? = 0
configure:6834: result: no
configure:6962: checking for nl_langinfo and CODESET
configure:6980: gcc -o conftest -O2   conftest.c  >&5
configure:6983: $? = 0
configure:6986: test -s conftest
configure:6989: $? = 0
configure:7000: result: yes
configure:7011: checking for LC_MESSAGES
configure:7029: gcc -o conftest -O2   conftest.c  >&5
configure:7032: $? = 0
configure:7035: test -s conftest
configure:7038: $? = 0
configure:7048: result: yes
configure:7058: checking whether NLS is requested
configure:7068: result: no
configure:8274: checking if you want full utility pathnames
configure:8291: result: yes
configure:8297: checking for system mailer
configure:8317: result: /usr/sbin/sendmail
configure:8323: checking system mail flags
configure:8339: result: -t -oi
configure:8351: checking if gcc -U and -D options work together
configure:8379: gcc -c -O2 -UU_D_OPTIONS -DU_D_OPTIONS -DD_U_OPTIONS -UD_U_OPTIONS conftest.c >&5
configure:8382: $? = 0
configure:8385: test -s conftest.o
configure:8388: $? = 0
configure:8402: result: yes
configure:8428: checking if we must define _GNU_SOURCE
configure:8450: gcc -c -O2  conftest.c >&5
configure: In function 'main':
configure:8442:1: error: unknown type name 'make'
 #ifndef _XOPEN_SOURCE
 ^
configure:8442:9: error: expected '=', ',', ';', 'asm' or '__attribute__' before 'error'
 #ifndef _XOPEN_SOURCE
         ^
configure:8453: $? = 1
configure: failed program was:
#line 8435 "configure"
#include "confdefs.h"
#include <sys/types.h>
int
main ()
{

#ifndef _XOPEN_SOURCE
make an error
#endif
  ;
  return 0;
}
configure:8483: gcc -c -O2  -D_GNU_SOURCE conftest.c >&5
configure: In function 'main':
configure:8475:1: error: unknown type name 'make'
 #ifdef _XOPEN_SOURCE
 ^
configure:8475:9: error: expected '=', ',', ';', 'asm' or '__attribute__' before 'error'
 #ifdef _XOPEN_SOURCE
         ^
configure:8486: $? = 1
configure: failed program was:
#line 8468 "configure"
#include "confdefs.h"
#include <sys/types.h>
int
main ()
{

#ifdef _XOPEN_SOURCE
make an error
#endif
  ;
  return 0;
}
configure:8507: result: yes
configure:8801: checking if SIGWINCH is defined
configure:8823: gcc -c -O2  -D_GNU_SOURCE conftest.c >&5
configure:8826: $? = 0
configure:8829: test -s conftest.o
configure:8832: $? = 0
configure:8880: result: yes
configure:8952: testing checking additions to CFLAGS ...
configure:9021: testing add to $CPPFLAGS  -DLINUX ...
configure:9082: checking if you want NSS compatible SSL libraries
configure:9097: result: no
configure:9100: checking if you want ssl library
configure:9115: result: no
configure:9118: checking if you want gnutls support
configure:9133: result: no
configure:9137: checking if you want gnutls-openssl compat
configure:9152: result: no
configure:9155: checking if you want socks library
configure:9170: result: no
configure:9173: checking if you want socks5 library
configure:9188: result: no
configure:10378: checking for network libraries
configure:10385: result: working...
configure:10507: checking for gethostname
configure:10544: gcc -o conftest -O2  -D_GNU_SOURCE  -DLINUX  conftest.c  >&5
configure:10547: $? = 0
configure:10550: test -s conftest
configure:10553: $? = 0
configure:10563: result: yes
configure:10707: checking for main in -linet
configure:10727: gcc -o conftest -O2  -D_GNU_SOURCE  -DLINUX  conftest.c -linet   >&5
/usr/bin/ld: cannot find -linet
collect2: error: ld returned 1 exit status
configure:10730: $? = 1
configure: failed program was:
#line 10715 "configure"
#include "confdefs.h"

int
main ()
{
main ();
  ;
  return 0;
}
configure:10747: result: no
configure:10758: checking for socket
configure:10795: gcc -o conftest -O2  -D_GNU_SOURCE  -DLINUX  conftest.c  >&5
configure:10798: $? = 0
configure:10801: test -s conftest
configure:10804: $? = 0
configure:10814: result: yes
configure:10963: checking for gethostbyname
configure:11000: gcc -o conftest -O2  -D_GNU_SOURCE  -DLINUX  conftest.c  >&5
configure:11003: $? = 0
configure:11006: test -s conftest
configure:11009: $? = 0
configure:11019: result: yes
configure:11100: checking for strcasecmp
configure:11156: result: yes
configure:11253: checking for inet_aton function
configure:11276: gcc -o conftest -O2  -D_GNU_SOURCE  -DLINUX  conftest.c   >&5
configure:11279: $? = 0
configure:11282: test -s conftest
configure:11285: $? = 0
configure:11295: result: yes
configure:11409: checking if you want to use pkg-config
configure:11419: result: yes
configure:11429: checking for pkg-config
configure:11446: found /usr/bin/pkg-config
configure:11458: result: /usr/bin/pkg-config
configure:14960: checking whether to enable ipv6
configure:14976: result: no
configure:15776: checking for screen type
configure:15799: result: curses
configure:15853: checking for extra include directories
configure:15873: result: no
configure:15877: checking if we have identified curses headers
configure:15903: gcc -c -O2  -D_GNU_SOURCE  -DLINUX conftest.c >&5
configure:15906: $? = 0
configure:15909: test -s conftest.o
configure:15912: $? = 0
configure:15923: result: curses.h
configure:15937: checking for curses.h
configure:15947: gcc -E  -D_GNU_SOURCE  -DLINUX conftest.c
configure:15953: $? = 0
configure:15972: result: yes
configure:15982: checking for terminfo header
configure:16015: gcc -c -O2  -D_GNU_SOURCE  -DLINUX conftest.c >&5
configure:16018: $? = 0
configure:16021: test -s conftest.o
configure:16024: $? = 0
configure:16040: result: term.h
configure:16069: checking for ncurses version
configure:16133: gcc -o conftest -O2  -D_GNU_SOURCE  -DLINUX  conftest.c   >&5
configure:16136: $? = 0
configure:16138: ./conftest
configure:16141: $? = 0
configure:16155: result: 5.9.20110404
configure:16161: checking if we have identified curses libraries
configure:16176: gcc -o conftest -O2  -D_GNU_SOURCE  -DLINUX  conftest.c   >&5
/tmp/ccQCL3EZ.o: In function `main':
conftest.c:(.text.startup+0x5): undefined reference to `initscr'
conftest.c:(.text.startup+0x15): undefined reference to `tgoto'
collect2: error: ld returned 1 exit status
configure:16179: $? = 1
configure: failed program was:
#line 16164 "configure"
#include "confdefs.h"
#include <curses.h>
int
main ()
{
initscr(); tgoto("?", 0,0)
  ;
  return 0;
}
configure:16194: result: no
configure:16393: testing adding /lib to library-path ...
configure:16452: checking for tgoto
configure:16489: gcc -o conftest -O2  -D_GNU_SOURCE  -DLINUX -L/lib  conftest.c   >&5
/tmp/cciwvNZ4.o: In function `main':
conftest.c:(.text.startup+0x7): undefined reference to `tgoto'
collect2: error: ld returned 1 exit status
configure:16492: $? = 1
configure: failed program was:
#line 16458 "configure"
#include "confdefs.h"
/* System header to define __stub macros and hopefully few prototypes,
    which can conflict with char tgoto (); below.  */
#include <assert.h>
/* Override any gcc2 internal prototype to avoid an error.  */
#ifdef __cplusplus
extern "C"
#endif
/* We use char because int might match the return type of a gcc2
   builtin and then its argument prototype would still apply.  */
char tgoto ();
char (*f) ();

int
main ()
{
/* The GNU C library defines this for functions which it implements
    to always fail with ENOSYS.  Some functions are actually named
    something starting with __ and the normal name is an alias.  */
#if defined (__stub_tgoto) || defined (__stub___tgoto)
choke me
#else
f = tgoto;
#endif

  ;
  return 0;
}
configure:16508: result: no
configure:16517: checking for tgoto in -lncurses
configure:16544: gcc -o conftest -O2  -D_GNU_SOURCE  -DLINUX -L/lib  conftest.c -lncurses    >&5
configure:16547: $? = 0
configure:16550: test -s conftest
configure:16553: $? = 0
configure:16564: result: yes
configure:16579: checking for initscr in -lncurses
configure:16606: gcc -o conftest -O2  -D_GNU_SOURCE  -DLINUX -L/lib  conftest.c -lncurses  -lncurses   >&5
configure:16609: $? = 0
configure:16612: test -s conftest
configure:16615: $? = 0
configure:16626: result: yes
configure:16752: checking for curses performance tradeoff
configure:16779: gcc -c -O2  -D_GNU_SOURCE  -DLINUX conftest.c >&5
configure: In function 'main':
configure:16770:10: error: expected expression before ';' token
 #else
          ^
configure:16782: $? = 1
configure: failed program was:
#line 16760 "configure"
#include "confdefs.h"

#include <curses.h>
int
main ()
{

#if defined(wbkgdset) && defined(clearok) && defined(getbkgd)
	int x = ERR;
#else
	int x = ;	/* force an error */
#endif

  ;
  return 0;
}
configure:16836: result: no
configure:16842: checking for curses touchline function
configure:16862: gcc -o conftest -O2  -D_GNU_SOURCE  -DLINUX -L/lib  conftest.c -lncurses   >&5
configure: In function 'main':
configure:16855:24: error: macro "touchline" passed 4 arguments, but takes just 3
 {
                        ^
configure:16865: $? = 1
configure: failed program was:
#line 16849 "configure"
#include "confdefs.h"

#include <curses.h>
int
main ()
{
touchline(stdscr, 1,2,3);
  ;
  return 0;
}
configure:16891: gcc -o conftest -O2  -D_GNU_SOURCE  -DLINUX -L/lib  conftest.c -lncurses   >&5
configure:16894: $? = 0
configure:16897: test -s conftest
configure:16900: $? = 0
configure:16912: result: sysv
configure:21324: checking for chtype typedef
configure:21343: gcc -c -O2  -D_GNU_SOURCE  -DLINUX conftest.c >&5
configure:21346: $? = 0
configure:21349: test -s conftest.o
configure:21352: $? = 0
configure:21362: result: yes
configure:21369: checking if chtype is scalar or struct
configure:21388: gcc -c -O2  -D_GNU_SOURCE  -DLINUX conftest.c >&5
configure:21391: $? = 0
configure:21394: test -s conftest.o
configure:21397: $? = 0
configure:21407: result: scalar
configure:21417: checking if you want the wide-curses features
configure:21434: result: no
configure:21437: checking if color-style code should be used
configure:21466: result: yes
configure:21469: checking for location of style-sheet file
configure:21514: result: /usr/local/etc/lynx.lss
configure:21526: checking for the default configuration-file
configure:21571: result: /usr/local/etc/lynx.cfg
configure:21579: checking if htmlized lynx.cfg should be built
configure:21596: result: no
configure:21604: checking if local doc directory should be linked to help page
configure:21621: result: no
configure:21629: checking for MIME library directory
configure:21674: result: /etc
configure:21681: checking if locale-charset selection logic should be used
configure:21698: result: yes
configure:21706: checking if you want only a few charsets
configure:21769: result: no
configure:21773: checking for ANSI C header files
configure:21901: result: yes
configure:21911: checking whether time.h and sys/time.h may both be included
configure:21933: gcc -c -O2  -D_GNU_SOURCE  -DLINUX conftest.c >&5
configure:21936: $? = 0
configure:21939: test -s conftest.o
configure:21942: $? = 0
configure:21952: result: yes
configure:21965: checking for dirent.h that defines DIR
configure:21986: gcc -c -O2  -D_GNU_SOURCE  -DLINUX conftest.c >&5
configure:21989: $? = 0
configure:21992: test -s conftest.o
configure:21995: $? = 0
configure:22005: result: yes
configure:22018: checking for opendir in -ldir
configure:22045: gcc -o conftest -O2  -D_GNU_SOURCE  -DLINUX -L/lib  conftest.c -ldir  -lncurses   >&5
/usr/bin/ld: cannot find -ldir
collect2: error: ld returned 1 exit status
configure:22048: $? = 1
configure: failed program was:
#line 22026 "configure"
#include "confdefs.h"

/* Override any gcc2 internal prototype to avoid an error.  */
#ifdef __cplusplus
extern "C"
#endif
/* We use char because int might match the return type of a gcc2
   builtin and then its argument prototype would still apply.  */
char opendir ();
int
main ()
{
opendir ();
  ;
  return 0;
}
configure:22065: result: no
configure:22147: checking for arpa/inet.h
configure:22157: gcc -E  -D_GNU_SOURCE  -DLINUX conftest.c
configure:22163: $? = 0
configure:22182: result: yes
configure:22147: checking for fcntl.h
configure:22157: gcc -E  -D_GNU_SOURCE  -DLINUX conftest.c
configure:22163: $? = 0
configure:22182: result: yes
configure:22147: checking for limits.h
configure:22182: result: yes
configure:22147: checking for stdlib.h
configure:22182: result: yes
configure:22147: checking for string.h
configure:22182: result: yes
configure:22147: checking for sys/fcntl.h
configure:22157: gcc -E  -D_GNU_SOURCE  -DLINUX conftest.c
configure:22163: $? = 0
configure:22182: result: yes
configure:22147: checking for sys/filio.h
configure:22157: gcc -E  -D_GNU_SOURCE  -DLINUX conftest.c
configure:22154:23: fatal error: sys/filio.h: No such file or directory
 #include "confdefs.h"
                       ^
compilation terminated.
configure:22163: $? = 1
configure: failed program was:
#line 22153 "configure"
#include "confdefs.h"
#include <sys/filio.h>
configure:22182: result: no
configure:22147: checking for sys/ioctl.h
configure:22157: gcc -E  -D_GNU_SOURCE  -DLINUX conftest.c
configure:22163: $? = 0
configure:22182: result: yes
configure:22147: checking for sys/param.h
configure:22182: result: yes
configure:22147: checking for sys/timeb.h
configure:22157: gcc -E  -D_GNU_SOURCE  -DLINUX conftest.c
configure:22163: $? = 0
configure:22182: result: yes
configure:22147: checking for sys/time.h
configure:22157: gcc -E  -D_GNU_SOURCE  -DLINUX conftest.c
configure:22163: $? = 0
configure:22182: result: yes
configure:22147: checking for syslog.h
configure:22157: gcc -E  -D_GNU_SOURCE  -DLINUX conftest.c
configure:22163: $? = 0
configure:22182: result: yes
configure:22147: checking for termio.h
configure:22157: gcc -E  -D_GNU_SOURCE  -DLINUX conftest.c
configure:22163: $? = 0
configure:22182: result: yes
configure:22147: checking for termios.h
configure:22157: gcc -E  -D_GNU_SOURCE  -DLINUX conftest.c
configure:22163: $? = 0
configure:22182: result: yes
configure:22147: checking for unistd.h
configure:22182: result: yes
configure:22147: checking for vfork.h
configure:22157: gcc -E  -D_GNU_SOURCE  -DLINUX conftest.c
configure:22154:19: fatal error: vfork.h: No such file or directory
 #include "confdefs.h"
                   ^
compilation terminated.
configure:22163: $? = 1
configure: failed program was:
#line 22153 "configure"
#include "confdefs.h"
#include <vfork.h>
configure:22182: result: no
configure:22192: checking termio.h and termios.h
configure:22217: gcc -c -O2  -D_GNU_SOURCE  -DLINUX conftest.c >&5
configure:22220: $? = 0
configure:22223: test -s conftest.o
configure:22226: $? = 0
configure:22237: result: yes
configure:22243: checking for sigaction and structs
configure:22270: gcc -o conftest -O2  -D_GNU_SOURCE  -DLINUX -L/lib  conftest.c -lncurses   >&5
configure:22273: $? = 0
configure:22276: test -s conftest
configure:22279: $? = 0
configure:22290: result: yes
configure:22299: checking for sys/wait.h
configure:22309: gcc -E  -D_GNU_SOURCE  -DLINUX conftest.c
configure:22315: $? = 0
configure:22334: result: yes
configure:22460: checking for union wait
configure:22483: gcc -o conftest -O2  -D_GNU_SOURCE  -DLINUX -L/lib  conftest.c -lncurses   >&5
configure:22486: $? = 0
configure:22489: test -s conftest
configure:22492: $? = 0
compiles ok w/o union wait
configure:22546: result: no
configure:22648: checking for uid_t in sys/types.h
configure:22668: result: yes
configure:22682: checking type of array argument to getgroups
configure:22717: gcc -o conftest -O2  -D_GNU_SOURCE  -DLINUX -L/lib  conftest.c -lncurses   >&5
configure:22720: $? = 0
configure:22722: ./conftest
configure:22725: $? = 0
configure:22753: result: gid_t
configure:22760: checking for off_t
configure:22800: result: yes
configure:22812: checking for pid_t
configure:22833: gcc -c -O2  -D_GNU_SOURCE  -DLINUX conftest.c >&5
configure:22836: $? = 0
configure:22839: test -s conftest.o
configure:22842: $? = 0
configure:22852: result: yes
configure:22864: checking for uid_t in sys/types.h
configure:22884: result: yes
configure:22898: checking for mode_t
configure:22919: gcc -c -O2  -D_GNU_SOURCE  -DLINUX conftest.c >&5
configure:22922: $? = 0
configure:22925: test -s conftest.o
configure:22928: $? = 0
configure:22938: result: yes
configure:22950: checking for socklen_t
configure:22972: gcc -c -O2  -D_GNU_SOURCE  -DLINUX conftest.c >&5
configure:22975: $? = 0
configure:22978: test -s conftest.o
configure:22981: $? = 0
configure:22991: result: yes
configure:23006: checking for tm.tm_gmtoff
configure:23038: gcc -c -O2  -D_GNU_SOURCE  -DLINUX conftest.c >&5
configure:23041: $? = 0
configure:23044: test -s conftest.o
configure:23047: $? = 0
configure:23058: result: yes
configure:23064: checking for int
configure:23085: gcc -c -O2  -D_GNU_SOURCE  -DLINUX conftest.c >&5
configure:23088: $? = 0
configure:23091: test -s conftest.o
configure:23094: $? = 0
configure:23104: result: yes
configure:23107: checking size of int
configure:23271: gcc -o conftest -O2  -D_GNU_SOURCE  -DLINUX -L/lib  conftest.c -lncurses   >&5
configure:23274: $? = 0
configure:23276: ./conftest
configure:23279: $? = 0
configure:23295: result: 4
configure:23301: checking for long
configure:23322: gcc -c -O2  -D_GNU_SOURCE  -DLINUX conftest.c >&5
configure:23325: $? = 0
configure:23328: test -s conftest.o
configure:23331: $? = 0
configure:23341: result: yes
configure:23344: checking size of long
configure:23508: gcc -o conftest -O2  -D_GNU_SOURCE  -DLINUX -L/lib  conftest.c -lncurses   >&5
configure:23511: $? = 0
configure:23513: ./conftest
configure:23516: $? = 0
configure:23532: result: 8
configure:23538: checking for off_t
configure:23578: result: yes
configure:23581: checking size of off_t
configure:23745: gcc -o conftest -O2  -D_GNU_SOURCE  -DLINUX -L/lib  conftest.c -lncurses   >&5
configure:23748: $? = 0
configure:23750: ./conftest
configure:23753: $? = 0
configure:23769: result: 8
configure:23775: checking for time_t
configure:23796: gcc -c -O2  -D_GNU_SOURCE  -DLINUX conftest.c >&5
configure:23799: $? = 0
configure:23802: test -s conftest.o
configure:23805: $? = 0
configure:23815: result: yes
configure:23818: checking size of time_t
configure:23982: gcc -o conftest -O2  -D_GNU_SOURCE  -DLINUX -L/lib  conftest.c -lncurses   >&5
configure:23985: $? = 0
configure:23987: ./conftest
configure:23990: $? = 0
configure:24006: result: 8
configure:24014: checking for working alloca.h
configure:24051: result: yes
configure:24061: checking for alloca
configure:24118: result: yes
configure:24302: checking for unistd.h
configure:24337: result: yes
configure:24302: checking for vfork.h
configure:24337: result: no
configure:24350: checking for fork
configure:24387: gcc -o conftest -O2  -D_GNU_SOURCE  -DLINUX -L/lib  conftest.c -lncurses   >&5
configure:24366:6: warning: conflicting types for built-in function 'fork' [enabled by default]
    builtin and then its argument prototype would still apply.  */
      ^
configure:24390: $? = 0
configure:24393: test -s conftest
configure:24396: $? = 0
configure:24406: result: yes
configure:24350: checking for vfork
configure:24387: gcc -o conftest -O2  -D_GNU_SOURCE  -DLINUX -L/lib  conftest.c -lncurses   >&5
configure:24390: $? = 0
configure:24393: test -s conftest
configure:24396: $? = 0
configure:24406: result: yes
configure:24418: checking for working fork
configure:24461: result: yes
configure:24480: checking for working vfork
configure:24606: result: yes
configure:24637: checking if we should use fcntl or ioctl
configure:24661: gcc -o conftest -O2  -D_GNU_SOURCE  -DLINUX -L/lib  conftest.c -lncurses   >&5
configure:24664: $? = 0
configure:24667: test -s conftest
configure:24670: $? = 0
configure:24722: result: ioctl
configure:24728: checking for broken/missing definition of remove
configure:24747: gcc -o conftest -O2  -D_GNU_SOURCE  -DLINUX -L/lib  conftest.c -lncurses   >&5
configure:24750: $? = 0
configure:24753: test -s conftest
configure:24756: $? = 0
configure:24800: result: no
configure:24806: checking for lstat
configure:24827: gcc -o conftest -O2  -D_GNU_SOURCE  -DLINUX -L/lib  conftest.c -lncurses   >&5
configure:24830: $? = 0
configure:24833: test -s conftest
configure:24836: $? = 0
configure:24848: result: yes 
configure:24882: checking for ctermid
configure:24919: gcc -o conftest -O2  -D_GNU_SOURCE  -DLINUX -L/lib  conftest.c -lncurses   >&5
configure:24922: $? = 0
configure:24925: test -s conftest
configure:24928: $? = 0
configure:24938: result: yes
configure:24882: checking for cuserid
configure:24919: gcc -o conftest -O2  -D_GNU_SOURCE  -DLINUX -L/lib  conftest.c -lncurses   >&5
configure:24922: $? = 0
configure:24925: test -s conftest
configure:24928: $? = 0
configure:24938: result: yes
configure:24882: checking for ftime
configure:24919: gcc -o conftest -O2  -D_GNU_SOURCE  -DLINUX -L/lib  conftest.c -lncurses   >&5
configure:24922: $? = 0
configure:24925: test -s conftest
configure:24928: $? = 0
configure:24938: result: yes
configure:24882: checking for getcwd
configure:24938: result: yes
configure:24882: checking for getgroups
configure:24919: gcc -o conftest -O2  -D_GNU_SOURCE  -DLINUX -L/lib  conftest.c -lncurses   >&5
configure:24922: $? = 0
configure:24925: test -s conftest
configure:24928: $? = 0
configure:24938: result: yes
configure:24882: checking for gettimeofday
configure:24919: gcc -o conftest -O2  -D_GNU_SOURCE  -DLINUX -L/lib  conftest.c -lncurses   >&5
configure:24922: $? = 0
configure:24925: test -s conftest
configure:24928: $? = 0
configure:24938: result: yes
configure:24882: checking for getuid
configure:24938: result: yes
configure:24882: checking for mktemp
configure:24919: gcc -o conftest -O2  -D_GNU_SOURCE  -DLINUX -L/lib  conftest.c -lncurses   >&5
configure:24922: $? = 0
configure:24925: test -s conftest
configure:24928: $? = 0
configure:24938: result: yes
configure:24882: checking for mkdtemp
configure:24919: gcc -o conftest -O2  -D_GNU_SOURCE  -DLINUX -L/lib  conftest.c -lncurses   >&5
configure:24922: $? = 0
configure:24925: test -s conftest
configure:24928: $? = 0
configure:24938: result: yes
configure:24882: checking for popen
configure:24919: gcc -o conftest -O2  -D_GNU_SOURCE  -DLINUX -L/lib  conftest.c -lncurses   >&5
configure:24922: $? = 0
configure:24925: test -s conftest
configure:24928: $? = 0
configure:24938: result: yes
configure:24882: checking for putenv
configure:24938: result: yes
configure:24882: checking for readdir
configure:24919: gcc -o conftest -O2  -D_GNU_SOURCE  -DLINUX -L/lib  conftest.c -lncurses   >&5
configure:24922: $? = 0
configure:24925: test -s conftest
configure:24928: $? = 0
configure:24938: result: yes
configure:24882: checking for setuid
configure:24919: gcc -o conftest -O2  -D_GNU_SOURCE  -DLINUX -L/lib  conftest.c -lncurses   >&5
configure:24922: $? = 0
configure:24925: test -s conftest
configure:24928: $? = 0
configure:24938: result: yes
configure:24882: checking for strerror
configure:24919: gcc -o conftest -O2  -D_GNU_SOURCE  -DLINUX -L/lib  conftest.c -lncurses   >&5
configure:24922: $? = 0
configure:24925: test -s conftest
configure:24928: $? = 0
configure:24938: result: yes
configure:24882: checking for truncate
configure:24919: gcc -o conftest -O2  -D_GNU_SOURCE  -DLINUX -L/lib  conftest.c -lncurses   >&5
configure:24922: $? = 0
configure:24925: test -s conftest
configure:24928: $? = 0
configure:24938: result: yes
configure:24882: checking for ttyname
configure:24919: gcc -o conftest -O2  -D_GNU_SOURCE  -DLINUX -L/lib  conftest.c -lncurses   >&5
configure:24922: $? = 0
configure:24925: test -s conftest
configure:24928: $? = 0
configure:24938: result: yes
configure:24882: checking for unsetenv
configure:24919: gcc -o conftest -O2  -D_GNU_SOURCE  -DLINUX -L/lib  conftest.c -lncurses   >&5
configure:24922: $? = 0
configure:24925: test -s conftest
configure:24928: $? = 0
configure:24938: result: yes
configure:24882: checking for usleep
configure:24919: gcc -o conftest -O2  -D_GNU_SOURCE  -DLINUX -L/lib  conftest.c -lncurses   >&5
configure:24922: $? = 0
configure:24925: test -s conftest
configure:24928: $? = 0
configure:24938: result: yes
configure:24882: checking for vasprintf
configure:24919: gcc -o conftest -O2  -D_GNU_SOURCE  -DLINUX -L/lib  conftest.c -lncurses   >&5
configure:24922: $? = 0
configure:24925: test -s conftest
configure:24928: $? = 0
configure:24938: result: yes
configure:24882: checking for waitpid
configure:24919: gcc -o conftest -O2  -D_GNU_SOURCE  -DLINUX -L/lib  conftest.c -lncurses   >&5
configure:24922: $? = 0
configure:24925: test -s conftest
configure:24928: $? = 0
configure:24938: result: yes
configure:24882: checking for zError
configure:24919: gcc -o conftest -O2  -D_GNU_SOURCE  -DLINUX -L/lib  conftest.c -lncurses   >&5
/tmp/ccxMbqTH.o: In function `main':
conftest.c:(.text.startup+0x7): undefined reference to `zError'
collect2: error: ld returned 1 exit status
configure:24922: $? = 1
configure: failed program was:
#line 24888 "configure"
#include "confdefs.h"
/* System header to define __stub macros and hopefully few prototypes,
    which can conflict with char zError (); below.  */
#include <assert.h>
/* Override any gcc2 internal prototype to avoid an error.  */
#ifdef __cplusplus
extern "C"
#endif
/* We use char because int might match the return type of a gcc2
   builtin and then its argument prototype would still apply.  */
char zError ();
char (*f) ();

int
main ()
{
/* The GNU C library defines this for functions which it implements
    to always fail with ENOSYS.  Some functions are actually named
    something starting with __ and the normal name is an alias.  */
#if defined (__stub_zError) || defined (__stub___zError)
choke me
#else
f = zError;
#endif

  ;
  return 0;
}
configure:24938: result: no
configure:24954: checking for mktime
configure:24991: gcc -o conftest -O2  -D_GNU_SOURCE  -DLINUX -L/lib  conftest.c -lncurses   >&5
configure:24994: $? = 0
configure:24997: test -s conftest
configure:25000: $? = 0
configure:25010: result: yes
configure:24954: checking for strstr
configure:24991: gcc -o conftest -O2  -D_GNU_SOURCE  -DLINUX -L/lib  conftest.c -lncurses   >&5
configure:24970:6: warning: conflicting types for built-in function 'strstr' [enabled by default]
    builtin and then its argument prototype would still apply.  */
      ^
configure:24994: $? = 0
configure:24997: test -s conftest
configure:25000: $? = 0
configure:25010: result: yes
configure:25022: checking for random-integer functions
configure:25061: gcc -o conftest -O2  -D_GNU_SOURCE  -DLINUX -L/lib  conftest.c -lncurses   >&5
/tmp/ccqY1EAU.o: In function `main':
conftest.c:(.text.startup+0xc): undefined reference to `arc4random_push'
conftest.c:(.text.startup+0x13): undefined reference to `arc4random'
collect2: error: ld returned 1 exit status
configure:25064: $? = 1
configure: failed program was:
#line 25042 "configure"
#include "confdefs.h"

#ifdef HAVE_STDLIB_H
#include <stdlib.h>
#endif
#ifdef HAVE_LIMITS_H
#include <limits.h>
#endif

int
main ()
{
long seed = 1; arc4random_push(seed); seed = arc4random()
  ;
  return 0;
}
configure:25061: gcc -o conftest -O2  -D_GNU_SOURCE  -DLINUX -L/lib  conftest.c -lncurses   >&5
/tmp/ccgF53f0.o: In function `main':
conftest.c:(.text.startup+0x7): undefined reference to `arc4random'
collect2: error: ld returned 1 exit status
configure:25064: $? = 1
configure: failed program was:
#line 25042 "configure"
#include "confdefs.h"

#ifdef HAVE_STDLIB_H
#include <stdlib.h>
#endif
#ifdef HAVE_LIMITS_H
#include <limits.h>
#endif

int
main ()
{
long seed = 1; (void)(seed); seed = arc4random()
  ;
  return 0;
}
configure:25061: gcc -o conftest -O2  -D_GNU_SOURCE  -DLINUX -L/lib  conftest.c -lncurses   >&5
configure:25064: $? = 0
configure:25067: test -s conftest
configure:25070: $? = 0
configure:25082: result: srandom/random
configure:25085: checking for range of random-integers
configure:25125: gcc -c -O2  -D_GNU_SOURCE  -DLINUX conftest.c >&5
configure:25128: $? = 0
configure:25131: test -s conftest.o
configure:25134: $? = 0
configure:25145: result: INT_MAX
configure:25176: checking for strstr declaration
configure:25196: gcc -c -O2  -D_GNU_SOURCE  -DLINUX conftest.c >&5
configure: In function 'main':
configure:25188:12: error: conflicting types for 'strstr'
 #ifndef ${ac_func}
            ^
configure:25199: $? = 1
configure: failed program was:
#line 25182 "configure"
#include "confdefs.h"
#include <string.h>
int
main ()
{
#ifndef strstr
extern	int	strstr();
#endif
  ;
  return 0;
}
configure:25253: result: yes
configure:25272: checking for getgrgid declaration
configure:25294: gcc -c -O2  -D_GNU_SOURCE  -DLINUX conftest.c >&5
configure: In function 'main':
configure:25286:12: error: conflicting types for 'getgrgid'
 #ifndef ${ac_func}
            ^
In file included from configure:25281:0:
/usr/include/grp.h:106:22: note: previous declaration of 'getgrgid' was here
 extern struct group *getgrgid (__gid_t __gid);
                      ^
configure:25297: $? = 1
configure: failed program was:
#line 25278 "configure"
#include "confdefs.h"

#include <stdio.h>
#include <grp.h>
int
main ()
{
#ifndef getgrgid
extern	int	getgrgid();
#endif
  ;
  return 0;
}
configure:25353: result: yes
configure:25272: checking for getgrnam declaration
configure:25294: gcc -c -O2  -D_GNU_SOURCE  -DLINUX conftest.c >&5
configure: In function 'main':
configure:25286:12: error: conflicting types for 'getgrnam'
 #ifndef ${ac_func}
            ^
In file included from configure:25281:0:
/usr/include/grp.h:112:22: note: previous declaration of 'getgrnam' was here
 extern struct group *getgrnam (const char *__name);
                      ^
configure:25297: $? = 1
configure: failed program was:
#line 25278 "configure"
#include "confdefs.h"

#include <stdio.h>
#include <grp.h>
int
main ()
{
#ifndef getgrnam
extern	int	getgrnam();
#endif
  ;
  return 0;
}
configure:25353: result: yes
configure:25369: checking if TRUE/FALSE are defined
configure:25390: gcc -c -O2  -D_GNU_SOURCE  -DLINUX conftest.c >&5
configure:25393: $? = 0
configure:25396: test -s conftest.o
configure:25399: $? = 0
configure:25410: result: yes
configure:25423: checking if external errno is declared
configure:25448: gcc -c -O2  -D_GNU_SOURCE  -DLINUX conftest.c >&5
configure:25451: $? = 0
configure:25454: test -s conftest.o
configure:25457: $? = 0
configure:25468: result: yes
configure:25483: checking if external errno exists
configure:25505: gcc -o conftest -O2  -D_GNU_SOURCE  -DLINUX -L/lib  conftest.c -lncurses   >&5
/usr/bin/ld: errno: TLS definition in /usr/lib/libc.so.6 section .tbss mismatches non-TLS reference in /tmp/ccNpIMMp.o
/usr/lib/libc.so.6: could not read symbols: Bad value
collect2: error: ld returned 1 exit status
configure:25508: $? = 1
configure: failed program was:
#line 25490 "configure"
#include "confdefs.h"

#undef errno
extern int errno;

int
main ()
{
errno = 2
  ;
  return 0;
}
configure:25525: result: no
configure:25538: checking if we can set errno
configure:25589: gcc -o conftest -O2  -D_GNU_SOURCE  -DLINUX -L/lib  conftest.c -lncurses   >&5
configure:25592: $? = 0
configure:25594: ./conftest
configure:25597: $? = 0
configure:25610: result: yes
configure:25616: checking for setlocale()
configure:25635: gcc -o conftest -O2  -D_GNU_SOURCE  -DLINUX -L/lib  conftest.c -lncurses   >&5
configure:25638: $? = 0
configure:25641: test -s conftest
configure:25644: $? = 0
configure:25656: result: yes
configure:25663: checking if NGROUPS is defined
configure:25689: gcc -c -O2  -D_GNU_SOURCE  -DLINUX conftest.c >&5
configure:25692: $? = 0
configure:25695: test -s conftest.o
configure:25698: $? = 0
configure:25745: result: yes
configure:25762: checking if external sys_nerr is declared
configure:25787: gcc -c -O2  -D_GNU_SOURCE  -DLINUX conftest.c >&5
configure:25790: $? = 0
configure:25793: test -s conftest.o
configure:25796: $? = 0
configure:25807: result: yes
configure:25822: checking if external sys_nerr exists
configure:25844: gcc -o conftest -O2  -D_GNU_SOURCE  -DLINUX -L/lib  conftest.c -lncurses   >&5
configure:25847: $? = 0
configure:25850: test -s conftest
configure:25853: $? = 0
configure:25864: result: yes
configure:25877: checking if external sys_errlist is declared
configure:25902: gcc -c -O2  -D_GNU_SOURCE  -DLINUX conftest.c >&5
configure: In function 'main':
configure:25895:9: warning: cast from pointer to integer of different size [-Wpointer-to-int-cast]
 {
         ^
configure:25905: $? = 0
configure:25908: test -s conftest.o
configure:25911: $? = 0
configure:25922: result: yes
configure:25937: checking if external sys_errlist exists
configure:25959: gcc -o conftest -O2  -D_GNU_SOURCE  -DLINUX -L/lib  conftest.c -lncurses   >&5
configure:25962: $? = 0
configure:25965: test -s conftest
configure:25968: $? = 0
configure:25979: result: yes
configure:25995: checking for lastlog.h
configure:26005: gcc -E  -D_GNU_SOURCE  -DLINUX conftest.c
configure:26011: $? = 0
configure:26030: result: yes
configure:25995: checking for paths.h
configure:26005: gcc -E  -D_GNU_SOURCE  -DLINUX conftest.c
configure:26011: $? = 0
configure:26030: result: yes
configure:26040: checking for lastlog path
configure:26067: gcc -c -O2  -D_GNU_SOURCE  -DLINUX conftest.c >&5
configure:26070: $? = 0
configure:26073: test -s conftest.o
configure:26076: $? = 0
configure:26091: result: _PATH_LASTLOG
configure:26097: checking for utmp implementation
configure:26128: gcc -c -O2  -D_GNU_SOURCE  -DLINUX conftest.c >&5
configure:26118:18: error: conflicting types for 'getutxent'
 main ()
                  ^
In file included from configure:26117:0:
/usr/include/utmpx.h:65:22: note: previous declaration of 'getutxent' was here
 extern struct utmpx *getutxent (void);
                      ^
configure:26131: $? = 1
configure: failed program was:
#line 26114 "configure"
#include "confdefs.h"

#include <sys/types.h>
#include <utmpx.h>
#define getutent getutxent
#ifdef USE_LASTLOG
#include <lastlog.h>	/* may conflict with utmpx.h on Linux */
#endif

int
main ()
{
struct utmpx x;
	 char *name = x.ut_name; /* utmp.h and compatible definitions */

  ;
  return 0;
}
configure:26160: gcc -c -O2  -D_GNU_SOURCE  -DLINUX conftest.c >&5
configure:26150:18: error: conflicting types for 'getutxent'
 main ()
                  ^
In file included from configure:26149:0:
/usr/include/utmpx.h:65:22: note: previous declaration of 'getutxent' was here
 extern struct utmpx *getutxent (void);
                      ^
configure:26163: $? = 1
configure: failed program was:
#line 26146 "configure"
#include "confdefs.h"

#include <sys/types.h>
#include <utmpx.h>
#define getutent getutxent
#ifdef USE_LASTLOG
#include <lastlog.h>	/* may conflict with utmpx.h on Linux */
#endif

int
main ()
{
struct utmpx x;
	 char *name = x.ut_user; /* utmpx.h must declare this */

  ;
  return 0;
}
configure:26128: gcc -c -O2  -D_GNU_SOURCE  -DLINUX conftest.c >&5
configure:26131: $? = 0
configure:26134: test -s conftest.o
configure:26137: $? = 0
configure:26184: result: utmp
configure:26197: checking if utmp.ut_host is declared
configure:26218: gcc -c -O2  -D_GNU_SOURCE  -DLINUX conftest.c >&5
configure:26221: $? = 0
configure:26224: test -s conftest.o
configure:26227: $? = 0
configure:26239: result: yes
configure:26248: checking if utmp.ut_syslen is declared
configure:26269: gcc -c -O2  -D_GNU_SOURCE  -DLINUX conftest.c >&5
configure: In function 'main':
configure:26262:25: error: 'struct utmp' has no member named 'ut_syslen'
 {
                         ^
configure:26272: $? = 1
configure: failed program was:
#line 26255 "configure"
#include "confdefs.h"

#include <sys/types.h>
#include <utmp.h>
int
main ()
{
struct utmp x; int y = x.ut_syslen
  ;
  return 0;
}
configure:26290: result: no
configure:26299: checking if utmp.ut_name is declared
configure:26330: gcc -c -O2  -D_GNU_SOURCE  -DLINUX conftest.c >&5
configure:26333: $? = 0
configure:26336: test -s conftest.o
configure:26339: $? = 0
configure:26351: result: ut_name
configure:26370: checking for exit-status in utmp
configure:26397: gcc -c -O2  -D_GNU_SOURCE  -DLINUX conftest.c >&5
configure: In function 'main':
configure:26390:34: error: 'struct exit_status' has no member named '__e_exit'
 {
                                  ^
configure:26400: $? = 1
configure: failed program was:
#line 26383 "configure"
#include "confdefs.h"

#include <sys/types.h>
#include <utmp.h>
int
main ()
{
struct utmp x; long y = x.ut_exit.__e_exit = 0
  ;
  return 0;
}
configure:26397: gcc -c -O2  -D_GNU_SOURCE  -DLINUX conftest.c >&5
configure:26400: $? = 0
configure:26403: test -s conftest.o
configure:26406: $? = 0
configure:26419: result: ut_exit.e_exit
configure:26434: checking if utmp.ut_xtime is declared
configure:26455: gcc -c -O2  -D_GNU_SOURCE  -DLINUX conftest.c >&5
configure:26458: $? = 0
configure:26461: test -s conftest.o
configure:26464: $? = 0
configure:26508: result: yes
configure:26525: checking if utmp.ut_session is declared
configure:26546: gcc -c -O2  -D_GNU_SOURCE  -DLINUX conftest.c >&5
configure:26549: $? = 0
configure:26552: test -s conftest.o
configure:26555: $? = 0
configure:26566: result: yes
configure:26576: checking if utmp is SYSV flavor
configure:26603: gcc -o conftest -O2  -D_GNU_SOURCE  -DLINUX -L/lib  conftest.c -lncurses   >&5
configure:26606: $? = 0
configure:26609: test -s conftest
configure:26612: $? = 0
configure:26623: result: yes
configure:26631: checking if external h_errno exists
configure:26653: gcc -o conftest -O2  -D_GNU_SOURCE  -DLINUX -L/lib  conftest.c -lncurses   >&5
/usr/bin/ld: h_errno: TLS definition in /usr/lib/libc.so.6 section .tbss mismatches non-TLS reference in /tmp/cc6jWyEr.o
/usr/lib/libc.so.6: could not read symbols: Bad value
collect2: error: ld returned 1 exit status
configure:26656: $? = 1
configure: failed program was:
#line 26638 "configure"
#include "confdefs.h"

#undef h_errno
extern int h_errno;

int
main ()
{
h_errno = 2
  ;
  return 0;
}
configure:26673: result: no
configure:26686: checking if bibp: URLs should be supported
configure:26703: result: yes
configure:26709: checking if configuration info should be browsable
configure:26726: result: yes
configure:26732: checking if new-style forms-based options screen should be used
configure:26749: result: yes
configure:26755: checking if old-style options menu should be used
configure:26772: result: yes
configure:26778: checking if experimental address-list page should be used
configure:26795: result: no
configure:26801: checking if experimental ascii case-conversion should be used
configure:26818: result: yes
configure:26824: checking if experimental charset-selection logic should be used
configure:26841: result: no
configure:26847: checking if experimental CJK logic should be used
configure:26864: result: no
configure:26870: checking if experimental Japanese UTF-8 logic should be used
configure:26887: result: no
configure:27729: checking if you want to use default-colors
configure:27746: result: no
configure:27754: checking if experimental keyboard-layout logic should be used
configure:27771: result: no
configure:27777: checking if experimental nested-table logic should be used
configure:27794: result: no
configure:27800: checking if progress-bar code should be used
configure:27817: result: no
configure:27823: checking if scrollbar code should be used
configure:27840: result: no
configure:27843: checking if sessions code should be used
configure:27860: result: no
configure:27870: checking if session-caching code should be used
configure:27887: result: no
configure:27896: checking if alternative line-edit bindings should be used
configure:27913: result: yes
configure:27919: checking if you want to use extended HTML DTD logic
configure:27936: result: yes
configure:27942: checking if file-upload logic should be used
configure:27959: result: yes
configure:27965: checking if element-justification logic should be used
configure:27982: result: yes
configure:27988: checking if partial-display should be used
configure:28005: result: yes
configure:28011: checking if persistent-cookie logic should be used
configure:28028: result: yes
configure:28034: checking if html source should be colorized
configure:28051: result: yes
configure:28057: checking if read-progress message should show ETA
configure:28074: result: yes
configure:28080: checking if source caching should be used
configure:28097: result: yes
configure:28103: checking if you want to use external commands
configure:28120: result: no
configure:28130: checking if you want to use setfont support
configure:28147: result: no
configure:28287: checking if you want cgi-link support
configure:28303: result: no
configure:28306: checking if you want change-exec support
configure:28323: result: no
configure:28329: checking if you want exec-links support
configure:28346: result: no
configure:28352: checking if you want exec-scripts support
configure:28369: result: no
configure:28375: checking if you want internal-links feature
configure:28392: result: no
configure:28398: checking if you want to fork NSL requests
configure:28415: result: no
configure:28434: checking if you want to log URL requests via syslog
configure:28451: result: no
configure:28457: checking if you want to underline links
configure:28474: result: no
configure:28484: checking if help files should be gzip'ed
configure:28501: result: no
configure:28504: checking if you want to use libbz2 for decompression of some bzip2 files
configure:28514: result: no
configure:29292: checking if you want to use zlib for decompression of some gzip files
configure:29302: result: no
configure:30076: checking if you want to exclude FINGER code
configure:30093: result: no
configure:30099: checking if you want to exclude GOPHER code
configure:30116: result: no
configure:30122: checking if you want to exclude NEWS code
configure:30139: result: no
configure:30145: checking if you want to exclude FTP code
configure:30162: result: no
configure:30170: checking if directory-editor code should be used
configure:30187: result: yes
configure:30196: checking if you wish to allow extracting from archives via DirEd
configure:30212: result: yes
configure:30215: checking if DirEd mode should override keys
configure:30237: result: yes
configure:30240: checking if you wish to allow permissions commands via DirEd
configure:30262: result: yes
configure:30265: checking if you wish to allow executable-permission commands via DirEd
configure:30281: result: yes
configure:30284: checking if you wish to allow "tar" commands from DirEd
configure:30306: result: yes
configure:30309: checking if you wish to allow "uudecode" commands from DirEd
configure:30331: result: yes
configure:30334: checking if you wish to allow "zip" and "unzip" commands from DirEd
configure:30356: result: yes
configure:30359: checking if you wish to allow "gzip" and "gunzip" commands from DirEd
configure:30381: result: yes
configure:30385: checking if you want long-directory listings
configure:30407: result: yes
configure:30410: checking if parent-directory references are permitted
configure:30426: result: yes
configure:30434: checking for telnet
configure:30451: found /usr/bin/telnet
configure:30462: result: /usr/bin/telnet
configure:30524: testing defining path for /usr/bin/telnet ...
configure:30541: checking for tn3270
configure:30572: result: no
configure:30541: checking for tn3270
configure:30572: result: no
configure:30648: checking for rlogin
configure:30665: found /usr/bin/rlogin
configure:30676: result: /usr/bin/rlogin
configure:30738: testing defining path for /usr/bin/rlogin ...
configure:30755: checking for mv
configure:30772: found /usr/bin/mv
configure:30783: result: /usr/bin/mv
configure:30845: testing defining path for /usr/bin/mv ...
configure:30862: checking for gzip
configure:30879: found /usr/bin/gzip
configure:30890: result: /usr/bin/gzip
configure:30952: testing defining path for /usr/bin/gzip ...
configure:30969: checking for gunzip
configure:30986: found /usr/bin/gunzip
configure:30997: result: /usr/bin/gunzip
configure:31059: testing defining path for /usr/bin/gunzip ...
configure:31076: checking for unzip
configure:31093: found /usr/bin/unzip
configure:31104: result: /usr/bin/unzip
configure:31166: testing defining path for /usr/bin/unzip ...
configure:31183: checking for bzip2
configure:31200: found /usr/bin/bzip2
configure:31211: result: /usr/bin/bzip2
configure:31273: testing defining path for /usr/bin/bzip2 ...
configure:31290: checking for tar
configure:31307: found /usr/bin/tar
configure:31318: result: /usr/bin/tar
configure:31380: testing defining path for /usr/bin/tar ...
configure:31437: checking for compress
configure:31468: result: no
configure:31437: checking for compress
configure:31468: result: no
configure:31544: checking for rm
configure:31561: found /usr/bin/rm
configure:31572: result: /usr/bin/rm
configure:31634: testing defining path for /usr/bin/rm ...
configure:31651: checking for uudecode
configure:31682: result: no
configure:31651: checking for uudecode
configure:31682: result: no
configure:31758: checking for zcat
configure:31775: found /usr/bin/zcat
configure:31786: result: /usr/bin/zcat
configure:31848: testing defining path for /usr/bin/zcat ...
configure:31865: checking for zip
configure:31882: found /usr/bin/zip
configure:31893: result: /usr/bin/zip
configure:31955: testing defining path for /usr/bin/zip ...
configure:31982: checking for /usr/bin/install
configure:32010: result: /usr/bin/install -c
configure:32072: testing defining path for /usr/bin/install ...
configure:34120: checking if we can include termio.h with curses
configure:34144: gcc -c -O2  -D_GNU_SOURCE  -DLINUX -DHAVE_CONFIG_H -I. -I. -I./src -I./WWW/Library/Implementation conftest.c >&5
configure:34147: $? = 0
configure:34150: test -s conftest.o
configure:34153: $? = 0
configure:34166: result: yes
configure:34181: checking for curses/term.h
configure:34191: gcc -E  -D_GNU_SOURCE  -DLINUX conftest.c
configure:34188:25: fatal error: curses/term.h: No such file or directory
 #include "confdefs.h"
                         ^
compilation terminated.
configure:34197: $? = 1
configure: failed program was:
#line 34187 "configure"
#include "confdefs.h"
#include <curses/term.h>
configure:34216: result: no
configure:34181: checking for term.h
configure:34191: gcc -E  -D_GNU_SOURCE  -DLINUX conftest.c
configure:34197: $? = 0
configure:34216: result: yes
configure:34226: checking if curses supports alternate-character set
configure:34249: gcc -o conftest -O2  -D_GNU_SOURCE  -DLINUX -L/lib  conftest.c -lncurses   >&5
configure:34252: $? = 0
configure:34255: test -s conftest
configure:34258: $? = 0
configure:34272: result: acs_map
configure:34278: checking if curses supports fancy attributes
configure:34303: gcc -o conftest -O2  -D_GNU_SOURCE  -DLINUX -L/lib  conftest.c -lncurses   >&5
configure:34306: $? = 0
configure:34309: test -s conftest
configure:34312: $? = 0
configure:34324: result: yes
configure:34330: checking for function curses_version
configure:34353: gcc -o conftest -O2  -D_GNU_SOURCE  -DLINUX -L/lib  conftest.c -lncurses   >&5
configure:34356: $? = 0
configure:34358: ./conftest
configure:34361: $? = 0
configure:34376: result: yes
configure:34383: checking for obsolete/broken version of ncurses
configure:34409: gcc -c -O2  -D_GNU_SOURCE  -DLINUX conftest.c >&5
configure:34412: $? = 0
configure:34415: test -s conftest.o
configure:34418: $? = 0
configure:34430: result: no
configure:34442: checking if curses supports color attributes
configure:34469: gcc -o conftest -O2  -D_GNU_SOURCE  -DLINUX -L/lib  conftest.c -lncurses   >&5
configure:34472: $? = 0
configure:34475: test -s conftest
configure:34478: $? = 0
configure:34490: result: yes
configure:34510: checking for termio.h
configure:34545: result: yes
configure:34510: checking for termios.h
configure:34545: result: yes
configure:34510: checking for unistd.h
configure:34545: result: yes
configure:34613: checking whether termios.h needs _POSIX_SOURCE
configure:34628: gcc -c -O2  -D_GNU_SOURCE  -DLINUX conftest.c >&5
configure:34631: $? = 0
configure:34634: test -s conftest.o
configure:34637: $? = 0
configure:34683: result: no
configure:34688: checking declaration of size-change
configure:34747: gcc -c -O2  -D_GNU_SOURCE  -DLINUX conftest.c >&5
configure:34750: $? = 0
configure:34753: test -s conftest.o
configure:34756: $? = 0
size-change succeeded ()
configure:34775: result: yes
configure:34792: checking if ttytype is declared in curses library
configure:34811: gcc -o conftest -O2  -D_GNU_SOURCE  -DLINUX -L/lib  conftest.c -lncurses   >&5
configure:34814: $? = 0
configure:34817: test -s conftest
configure:34820: $? = 0
configure:34832: result: yes
configure:34989: checking if we must define _XOPEN_SOURCE_EXTENDED
configure:35013: gcc -o conftest -O2  -D_GNU_SOURCE  -DLINUX -L/lib  conftest.c -lncurses   >&5
configure:35016: $? = 0
configure:35019: test -s conftest
configure:35022: $? = 0
configure:35068: result: no
configure:35072: checking for term.h
configure:35121: result: term.h
configure:35172: checking for assume_default_colors
configure:35175: testing assume_default_colors ...
configure:35218: gcc -o conftest -O2  -D_GNU_SOURCE  -DLINUX -L/lib  conftest.c -lncurses   >&5
configure:35221: $? = 0
configure:35224: test -s conftest
configure:35227: $? = 0
configure:35243: result: yes
configure:35172: checking for cbreak
configure:35175: testing cbreak ...
configure:35218: gcc -o conftest -O2  -D_GNU_SOURCE  -DLINUX -L/lib  conftest.c -lncurses   >&5
configure:35221: $? = 0
configure:35224: test -s conftest
configure:35227: $? = 0
configure:35243: result: yes
configure:35172: checking for define_key
configure:35175: testing define_key ...
configure:35218: gcc -o conftest -O2  -D_GNU_SOURCE  -DLINUX -L/lib  conftest.c -lncurses   >&5
configure:35221: $? = 0
configure:35224: test -s conftest
configure:35227: $? = 0
configure:35243: result: yes
configure:35172: checking for delscreen
configure:35175: testing delscreen ...
configure:35218: gcc -o conftest -O2  -D_GNU_SOURCE  -DLINUX -L/lib  conftest.c -lncurses   >&5
configure:35221: $? = 0
configure:35224: test -s conftest
configure:35227: $? = 0
configure:35243: result: yes
configure:35172: checking for getattrs
configure:35175: testing getattrs ...
configure:35218: gcc -o conftest -O2  -D_GNU_SOURCE  -DLINUX -L/lib  conftest.c -lncurses   >&5
configure:35221: $? = 0
configure:35224: test -s conftest
configure:35227: $? = 0
configure:35243: result: yes
configure:35172: checking for getbegx
configure:35175: testing getbegx ...
configure:35218: gcc -o conftest -O2  -D_GNU_SOURCE  -DLINUX -L/lib  conftest.c -lncurses   >&5
configure:35221: $? = 0
configure:35224: test -s conftest
configure:35227: $? = 0
configure:35243: result: yes
configure:35172: checking for getbegy
configure:35175: testing getbegy ...
configure:35218: gcc -o conftest -O2  -D_GNU_SOURCE  -DLINUX -L/lib  conftest.c -lncurses   >&5
configure:35221: $? = 0
configure:35224: test -s conftest
configure:35227: $? = 0
configure:35243: result: yes
configure:35172: checking for keypad
configure:35175: testing keypad ...
configure:35218: gcc -o conftest -O2  -D_GNU_SOURCE  -DLINUX -L/lib  conftest.c -lncurses   >&5
configure:35221: $? = 0
configure:35224: test -s conftest
configure:35227: $? = 0
configure:35243: result: yes
configure:35172: checking for napms
configure:35175: testing napms ...
configure:35218: gcc -o conftest -O2  -D_GNU_SOURCE  -DLINUX -L/lib  conftest.c -lncurses   >&5
configure:35221: $? = 0
configure:35224: test -s conftest
configure:35227: $? = 0
configure:35243: result: yes
configure:35172: checking for newpad
configure:35175: testing newpad ...
configure:35218: gcc -o conftest -O2  -D_GNU_SOURCE  -DLINUX -L/lib  conftest.c -lncurses   >&5
configure:35221: $? = 0
configure:35224: test -s conftest
configure:35227: $? = 0
configure:35243: result: yes
configure:35172: checking for newterm
configure:35175: testing newterm ...
configure:35218: gcc -o conftest -O2  -D_GNU_SOURCE  -DLINUX -L/lib  conftest.c -lncurses   >&5
configure:35221: $? = 0
configure:35224: test -s conftest
configure:35227: $? = 0
configure:35243: result: yes
configure:35172: checking for pnoutrefresh
configure:35175: testing pnoutrefresh ...
configure:35218: gcc -o conftest -O2  -D_GNU_SOURCE  -DLINUX -L/lib  conftest.c -lncurses   >&5
configure:35221: $? = 0
configure:35224: test -s conftest
configure:35227: $? = 0
configure:35243: result: yes
configure:35172: checking for resizeterm
configure:35175: testing resizeterm ...
configure:35218: gcc -o conftest -O2  -D_GNU_SOURCE  -DLINUX -L/lib  conftest.c -lncurses   >&5
configure:35221: $? = 0
configure:35224: test -s conftest
configure:35227: $? = 0
configure:35243: result: yes
configure:35172: checking for touchline
configure:35175: testing touchline ...
configure:35218: gcc -o conftest -O2  -D_GNU_SOURCE  -DLINUX -L/lib  conftest.c -lncurses   >&5
configure:35221: $? = 0
configure:35224: test -s conftest
configure:35227: $? = 0
configure:35243: result: yes
configure:35172: checking for touchwin
configure:35175: testing touchwin ...
configure:35218: gcc -o conftest -O2  -D_GNU_SOURCE  -DLINUX -L/lib  conftest.c -lncurses   >&5
configure:35221: $? = 0
configure:35224: test -s conftest
configure:35227: $? = 0
configure:35243: result: yes
configure:35172: checking for use_default_colors
configure:35175: testing use_default_colors ...
configure:35218: gcc -o conftest -O2  -D_GNU_SOURCE  -DLINUX -L/lib  conftest.c -lncurses   >&5
configure:35221: $? = 0
configure:35224: test -s conftest
configure:35227: $? = 0
configure:35243: result: yes
configure:35172: checking for use_legacy_coding
configure:35175: testing use_legacy_coding ...
configure:35218: gcc -o conftest -O2  -D_GNU_SOURCE  -DLINUX -L/lib  conftest.c -lncurses   >&5
configure:35221: $? = 0
configure:35224: test -s conftest
configure:35227: $? = 0
configure:35243: result: yes
configure:35172: checking for wattr_get
configure:35175: testing wattr_get ...
configure:35218: gcc -o conftest -O2  -D_GNU_SOURCE  -DLINUX -L/lib  conftest.c -lncurses   >&5
configure:35221: $? = 0
configure:35224: test -s conftest
configure:35227: $? = 0
configure:35243: result: yes
configure:35172: checking for wborder
configure:35175: testing wborder ...
configure:35218: gcc -o conftest -O2  -D_GNU_SOURCE  -DLINUX -L/lib  conftest.c -lncurses   >&5
configure:35221: $? = 0
configure:35224: test -s conftest
configure:35227: $? = 0
configure:35243: result: yes
configure:35172: checking for wredrawln
configure:35175: testing wredrawln ...
configure:35218: gcc -o conftest -O2  -D_GNU_SOURCE  -DLINUX -L/lib  conftest.c -lncurses   >&5
configure:35221: $? = 0
configure:35224: test -s conftest
configure:35227: $? = 0
configure:35243: result: yes
configure:35172: checking for wresize
configure:35175: testing wresize ...
configure:35218: gcc -o conftest -O2  -D_GNU_SOURCE  -DLINUX -L/lib  conftest.c -lncurses   >&5
configure:35221: $? = 0
configure:35224: test -s conftest
configure:35227: $? = 0
configure:35243: result: yes
configure:35259: checking for _nc_free_and_exit
configure:35296: gcc -o conftest -O2  -D_GNU_SOURCE  -DLINUX -L/lib  conftest.c -lncurses   >&5
configure:35299: $? = 0
configure:35302: test -s conftest
configure:35305: $? = 0
configure:35315: result: yes
configure:35259: checking for _nc_freeall
configure:35296: gcc -o conftest -O2  -D_GNU_SOURCE  -DLINUX -L/lib  conftest.c -lncurses   >&5
configure:35299: $? = 0
configure:35302: test -s conftest
configure:35305: $? = 0
configure:35315: result: yes
configure:35447: creating ./config.status

## ----------------------- ##
## Running config.status.  ##
## ----------------------- ##

This file was extended by config.status 2.52.20081225, executed with
  CONFIG_FILES    = 
  CONFIG_HEADERS  = 
  CONFIG_LINKS    = 
  CONFIG_COMMANDS = 
  > ./config.status 
on kripke

config.status:36014: creating makefile
config.status:36014: creating WWW/Library/Implementation/makefile
config.status:36014: creating src/makefile
config.status:36014: creating src/chrtrans/makefile
config.status:36111: creating lynx_cfg.h

## ----------------- ##
## Cache variables.  ##
## ----------------- ##

ac_cv_build=x86_64-unknown-linux-gnu
ac_cv_build_alias=x86_64-unknown-linux-gnu
ac_cv_c_compiler_gnu=yes
ac_cv_c_const=yes
ac_cv_c_inline=inline
ac_cv_env_CC_set=
ac_cv_env_CC_value=
ac_cv_env_CFLAGS_set=
ac_cv_env_CFLAGS_value=
ac_cv_env_CPPFLAGS_set=
ac_cv_env_CPPFLAGS_value=
ac_cv_env_CPP_set=
ac_cv_env_CPP_value=
ac_cv_env_LDFLAGS_set=
ac_cv_env_LDFLAGS_value=
ac_cv_env_build_alias_set=
ac_cv_env_build_alias_value=
ac_cv_env_host_alias_set=
ac_cv_env_host_alias_value=
ac_cv_env_target_alias_set=
ac_cv_env_target_alias_value=
ac_cv_func___argz_count=yes
ac_cv_func___argz_next=yes
ac_cv_func___argz_stringify=yes
ac_cv_func__nc_free_and_exit=yes
ac_cv_func__nc_freeall=yes
ac_cv_func_alloca_works=yes
ac_cv_func_ctermid=yes
ac_cv_func_cuserid=yes
ac_cv_func_decl_getgrgid=yes
ac_cv_func_decl_getgrnam=yes
ac_cv_func_decl_strstr=yes
ac_cv_func_feof_unlocked=yes
ac_cv_func_fgets_unlocked=yes
ac_cv_func_fork=yes
ac_cv_func_fork_works=yes
ac_cv_func_fseeko=yes
ac_cv_func_ftime=yes
ac_cv_func_getcwd=yes
ac_cv_func_getegid=yes
ac_cv_func_geteuid=yes
ac_cv_func_getgid=yes
ac_cv_func_getgroups=yes
ac_cv_func_gethostbyname=yes
ac_cv_func_gethostname=yes
ac_cv_func_getpagesize=yes
ac_cv_func_gettimeofday=yes
ac_cv_func_getuid=yes
ac_cv_func_lstat=yes
ac_cv_func_mempcpy=yes
ac_cv_func_mkdtemp=yes
ac_cv_func_mktemp=yes
ac_cv_func_mktime=yes
ac_cv_func_mmap_fixed_mapped=yes
ac_cv_func_munmap=yes
ac_cv_func_popen=yes
ac_cv_func_putenv=yes
ac_cv_func_readdir=yes
ac_cv_func_setenv=yes
ac_cv_func_setlocale=yes
ac_cv_func_setuid=yes
ac_cv_func_socket=yes
ac_cv_func_stpcpy=yes
ac_cv_func_strcasecmp=yes
ac_cv_func_strchr=yes
ac_cv_func_strdup=yes
ac_cv_func_strerror=yes
ac_cv_func_strstr=yes
ac_cv_func_strtoul=yes
ac_cv_func_tgoto=no
ac_cv_func_truncate=yes
ac_cv_func_tsearch=yes
ac_cv_func_ttyname=yes
ac_cv_func_unsetenv=yes
ac_cv_func_usleep=yes
ac_cv_func_vasprintf=yes
ac_cv_func_vfork=yes
ac_cv_func_vfork_works=yes
ac_cv_func_waitpid=yes
ac_cv_func_zError=no
ac_cv_gnu_library_2_1=yes
ac_cv_header_argz_h=yes
ac_cv_header_arpa_inet_h=yes
ac_cv_header_curses_h=yes
ac_cv_header_curses_term_h=no
ac_cv_header_dirent_dirent_h=yes
ac_cv_header_fcntl_h=yes
ac_cv_header_inttypes_h=yes
ac_cv_header_lastlog_h=yes
ac_cv_header_limits_h=yes
ac_cv_header_locale_h=yes
ac_cv_header_malloc_h=yes
ac_cv_header_memory_h=yes
ac_cv_header_nl_types_h=yes
ac_cv_header_paths_h=yes
ac_cv_header_stdc=yes
ac_cv_header_stddef_h=yes
ac_cv_header_stdint_h=yes
ac_cv_header_stdlib_h=yes
ac_cv_header_string_h=yes
ac_cv_header_strings_h=yes
ac_cv_header_sys_fcntl_h=yes
ac_cv_header_sys_filio_h=no
ac_cv_header_sys_ioctl_h=yes
ac_cv_header_sys_param_h=yes
ac_cv_header_sys_stat_h=yes
ac_cv_header_sys_time_h=yes
ac_cv_header_sys_timeb_h=yes
ac_cv_header_sys_types_h=yes
ac_cv_header_sys_wait_h=yes
ac_cv_header_syslog_h=yes
ac_cv_header_term_h=yes
ac_cv_header_termio_h=yes
ac_cv_header_termios_h=yes
ac_cv_header_time=yes
ac_cv_header_unistd_h=yes
ac_cv_header_vfork_h=no
ac_cv_host=x86_64-unknown-linux-gnu
ac_cv_host_alias=x86_64-unknown-linux-gnu
ac_cv_lib_dir_opendir=no
ac_cv_lib_inet_main=no
ac_cv_lib_ncurses___initscr=yes
ac_cv_lib_ncurses___tgoto=yes
ac_cv_objext=o
ac_cv_path_BZIP2=/usr/bin/bzip2
ac_cv_path_GZIP=/usr/bin/gzip
ac_cv_path_INSTALL='/usr/bin/install -c'
ac_cv_path_MSGINIT=/usr/bin/msginit
ac_cv_path_MV=/usr/bin/mv
ac_cv_path_PKG_CONFIG=/usr/bin/pkg-config
ac_cv_path_RLOGIN=/usr/bin/rlogin
ac_cv_path_RM=/usr/bin/rm
ac_cv_path_TAR=/usr/bin/tar
ac_cv_path_TELNET=/usr/bin/telnet
ac_cv_path_UNCOMPRESS=/usr/bin/gunzip
ac_cv_path_UNZIP=/usr/bin/unzip
ac_cv_path_ZCAT=/usr/bin/zcat
ac_cv_path_ZIP=/usr/bin/zip
ac_cv_path_install='/usr/bin/install -c'
ac_cv_prog_CPP='gcc -E'
ac_cv_prog_LINT=lint
ac_cv_prog_YACC='bison -y'
ac_cv_prog_ac_ct_AR=ar
ac_cv_prog_ac_ct_CC=gcc
ac_cv_prog_ac_ct_RANLIB=ranlib
ac_cv_prog_cc_g=yes
ac_cv_prog_cc_stdc=
ac_cv_prog_make_make_set=yes
ac_cv_sizeof_int=4
ac_cv_sizeof_long=8
ac_cv_sizeof_off_t=8
ac_cv_sizeof_time_t=8
ac_cv_sys_file_offset_bits=no
ac_cv_sys_large_files=no
ac_cv_sys_largefile_CC=no
ac_cv_sys_largefile_source=no
ac_cv_target=x86_64-unknown-linux-gnu
ac_cv_target_alias=x86_64-unknown-linux-gnu
ac_cv_type_getgroups=gid_t
ac_cv_type_int=yes
ac_cv_type_long=yes
ac_cv_type_mode_t=yes
ac_cv_type_off_t=yes
ac_cv_type_pid_t=yes
ac_cv_type_size_t=yes
ac_cv_type_socklen_t=yes
ac_cv_type_time_t=yes
ac_cv_type_uid_t=yes
ac_cv_working_alloca_h=yes
am_cv_func_iconv=yes
am_cv_langinfo_codeset=yes
am_cv_proto_iconv_arg1=
am_cv_proto_iconv_const=no
am_cv_val_LC_MESSAGES=yes
cf_cv_SYSTEM_MAIL=/usr/sbin/sendmail
cf_cv_alt_char_set=acs_map
cf_cv_ansi_cc=-DCC_HAS_PROTOS
cf_cv_ar_flags=-curv
cf_cv_baddef_remove=no
cf_cv_bool_defs=yes
cf_cv_cc_u_d_options=yes
cf_cv_chtype_decl=yes
cf_cv_chtype_type=scalar
cf_cv_color_curses=yes
cf_cv_curs_performance=no
cf_cv_curs_touchline=sysv
cf_cv_curses_dir=no
cf_cv_curses_incdir=no
cf_cv_dcl_errno=yes
cf_cv_dcl_sys_errlist=yes
cf_cv_dcl_sys_nerr=yes
cf_cv_define_sigwinch=yes
cf_cv_fancy_curses=yes
cf_cv_find_linkage_iconv=yes
cf_cv_fionbio=ioctl
cf_cv_func_assume_default_colors=yes
cf_cv_func_cbreak=yes
cf_cv_func_curses_version=yes
cf_cv_func_define_key=yes
cf_cv_func_delscreen=yes
cf_cv_func_getattrs=yes
cf_cv_func_getbegx=yes
cf_cv_func_getbegy=yes
cf_cv_func_keypad=yes
cf_cv_func_napms=yes
cf_cv_func_newpad=yes
cf_cv_func_newterm=yes
cf_cv_func_pnoutrefresh=yes
cf_cv_func_resizeterm=yes
cf_cv_func_sigaction=yes
cf_cv_func_touchline=yes
cf_cv_func_touchwin=yes
cf_cv_func_use_default_colors=yes
cf_cv_func_use_legacy_coding=yes
cf_cv_func_wattr_get=yes
cf_cv_func_wborder=yes
cf_cv_func_wredrawln=yes
cf_cv_func_wresize=yes
cf_cv_gnu_source=yes
cf_cv_gnutls_compat=no
cf_cv_have_errno=no
cf_cv_have_h_errno=no
cf_cv_have_inet_aton=yes
cf_cv_have_sys_errlist=yes
cf_cv_have_sys_nerr=yes
cf_cv_have_ttytype=yes
cf_cv_have_utmp=utmp
cf_cv_have_utmp_ut_host=yes
cf_cv_have_utmp_ut_name=ut_name
cf_cv_have_utmp_ut_session=yes
cf_cv_have_utmp_ut_syslen=no
cf_cv_have_utmp_ut_xstatus=ut_exit.e_exit
cf_cv_have_utmp_ut_xtime=yes
cf_cv_header_path_iconv=
cf_cv_library_path_iconv=
cf_cv_locale=yes
cf_cv_ncurses_broken=no
cf_cv_ncurses_header=curses.h
cf_cv_ncurses_version=5.9.20110404
cf_cv_need_xopen_extension=no
cf_cv_netlibs=
cf_cv_ngroups=yes
cf_cv_path_lastlog=_PATH_LASTLOG
cf_cv_rand_max=INT_MAX
cf_cv_screen=curses
cf_cv_set_errno=yes
cf_cv_sizechange=yes
cf_cv_srand_func=srandom/random
cf_cv_struct_dirent64=no
cf_cv_system_mail_flags='-t -oi'
cf_cv_system_name=linux-gnu
cf_cv_sysv_utmp=yes
cf_cv_term_header=term.h
cf_cv_termio_and_curses=yes
cf_cv_termio_and_termios=yes
cf_cv_tm_gmtoff=yes
cf_cv_type_unionwait=no
cf_cv_use_libgnutls=no
cf_cv_use_libnss_compat=no
cf_cv_use_libsocks=no
cf_cv_use_libsocks5=no
cf_cv_use_libssl=no
nls_cv_header_intl=
nls_cv_header_libgt=

## ------------ ##
## confdefs.h.  ##
## ------------ ##

#define SYSTEM_NAME "linux-gnu"
#define UNIX 1
#define CC_HAS_PROTOS 1
#define HAVE_FSEEKO 1
#define STDC_HEADERS 1
#define HAVE_SYS_TYPES_H 1
#define HAVE_SYS_STAT_H 1
#define HAVE_STDLIB_H 1
#define HAVE_STRING_H 1
#define HAVE_MEMORY_H 1
#define HAVE_STRINGS_H 1
#define HAVE_INTTYPES_H 1
#define HAVE_STDINT_H 1
#define HAVE_UNISTD_H 1
#define HAVE_ALLOCA_H 1
#define HAVE_ALLOCA 1
#define HAVE_STDLIB_H 1
#define HAVE_UNISTD_H 1
#define HAVE_GETPAGESIZE 1
#define HAVE_MMAP 1
#define HAVE_ARGZ_H 1
#define HAVE_LIMITS_H 1
#define HAVE_LOCALE_H 1
#define HAVE_NL_TYPES_H 1
#define HAVE_MALLOC_H 1
#define HAVE_STDDEF_H 1
#define HAVE_STDLIB_H 1
#define HAVE_STRING_H 1
#define HAVE_UNISTD_H 1
#define HAVE_SYS_PARAM_H 1
#define HAVE_FEOF_UNLOCKED 1
#define HAVE_FGETS_UNLOCKED 1
#define HAVE_GETCWD 1
#define HAVE_GETEGID 1
#define HAVE_GETEUID 1
#define HAVE_GETGID 1
#define HAVE_GETUID 1
#define HAVE_MEMPCPY 1
#define HAVE_MUNMAP 1
#define HAVE_PUTENV 1
#define HAVE_SETENV 1
#define HAVE_SETLOCALE 1
#define HAVE_STPCPY 1
#define HAVE_STRCHR 1
#define HAVE_STRCASECMP 1
#define HAVE_STRDUP 1
#define HAVE_STRTOUL 1
#define HAVE_TSEARCH 1
#define HAVE___ARGZ_COUNT 1
#define HAVE___ARGZ_STRINGIFY 1
#define HAVE___ARGZ_NEXT 1
#define HAVE_ICONV 1
#define ICONV_CONST 
#define HAVE_LANGINFO_CODESET 1
#define HAVE_LC_MESSAGES 1
#define SYSTEM_MAIL "/usr/sbin/sendmail"
#define SYSTEM_MAIL_FLAGS "-t -oi"
#define HAVE_GETHOSTNAME 1
#define HAVE_SOCKET 1
#define HAVE_GETHOSTBYNAME 1
#define HAVE_STRCASECMP 1
#define HAVE_INET_ATON 1
#define HAVE_CURSES_H 1
#define HAVE_TERM_H 1
#define NCURSES 1
#define HAVE_SYSV_TOUCHLINE 1
#define HAVE_TYPE_CHTYPE 1
#define TYPE_CHTYPE_IS_SCALAR 1
#define USE_COLOR_STYLE 1
#define LYNX_LSS_FILE "/usr/local/etc/lynx.lss"
#define LYNX_CFG_FILE "/usr/local/etc/lynx.cfg"
#define MIME_LIBDIR "/etc/"
#define USE_LOCALE_CHARSET 1
#define STDC_HEADERS 1
#define TIME_WITH_SYS_TIME 1
#define HAVE_DIRENT_H 1
#define HAVE_ARPA_INET_H 1
#define HAVE_FCNTL_H 1
#define HAVE_LIMITS_H 1
#define HAVE_STDLIB_H 1
#define HAVE_STRING_H 1
#define HAVE_SYS_FCNTL_H 1
#define HAVE_SYS_IOCTL_H 1
#define HAVE_SYS_PARAM_H 1
#define HAVE_SYS_TIMEB_H 1
#define HAVE_SYS_TIME_H 1
#define HAVE_SYSLOG_H 1
#define HAVE_TERMIO_H 1
#define HAVE_TERMIOS_H 1
#define HAVE_UNISTD_H 1
#define HAVE_SIGACTION 1
#define HAVE_SYS_WAIT_H 1
#define GETGROUPS_T gid_t
#define SIZEOF_INT 4
#define SIZEOF_LONG 8
#define SIZEOF_OFF_T 8
#define SIZEOF_TIME_T 8
#define HAVE_ALLOCA_H 1
#define HAVE_ALLOCA 1
#define HAVE_UNISTD_H 1
#define HAVE_FORK 1
#define HAVE_VFORK 1
#define HAVE_WORKING_VFORK 1
#define HAVE_WORKING_FORK 1
#define HAVE_LSTAT 1
#define HAVE_CTERMID 1
#define HAVE_CUSERID 1
#define HAVE_FTIME 1
#define HAVE_GETCWD 1
#define HAVE_GETGROUPS 1
#define HAVE_GETTIMEOFDAY 1
#define HAVE_GETUID 1
#define HAVE_MKTEMP 1
#define HAVE_MKDTEMP 1
#define HAVE_POPEN 1
#define HAVE_PUTENV 1
#define HAVE_READDIR 1
#define HAVE_SETUID 1
#define HAVE_STRERROR 1
#define HAVE_TRUNCATE 1
#define HAVE_TTYNAME 1
#define HAVE_UNSETENV 1
#define HAVE_USLEEP 1
#define HAVE_VASPRINTF 1
#define HAVE_WAITPID 1
#define HAVE_MKTIME 1
#define HAVE_STRSTR 1
#define lynx_srand srandom
#define lynx_rand random
#define LYNX_RAND_MAX INT_MAX
#define CAN_SET_ERRNO 1
#define LOCALE 1
#define HAVE_SYS_NERR 1
#define HAVE_SYS_ERRLIST 1
#define HAVE_LASTLOG_H 1
#define HAVE_PATHS_H 1
#define USE_LASTLOG 1
#define HAVE_UTMP 1
#define HAVE_UTMP_UT_HOST 1
#define HAVE_UTMP_UT_XSTATUS 1
#define ut_xstatus ut_exit.e_exit
#define HAVE_UTMP_UT_XTIME 1
#define HAVE_UTMP_UT_SESSION 1
#define USE_SYSV_UTMP 1
#define EXP_ASCII_CTYPES 1
#define EXP_ALT_BINDINGS 1
#define USE_FILE_UPLOAD 1
#define EXP_JUSTIFY_ELTS 1
#define DISP_PARTIAL 1
#define USE_PERSISTENT_COOKIES 1
#define USE_PRETTYSRC 1
#define USE_READPROGRESS 1
#define USE_SOURCE_CACHE 1
#define DONT_TRACK_INTERNAL_LINKS 1
#define UNDERLINE_LINKS 0
#define DIRED_SUPPORT 1
#define OK_OVERRIDE 1
#define OK_PERMIT 1
#define OK_TAR 1
#define OK_UUDECODE 1
#define OK_ZIP 1
#define OK_GZIP 1
#define LONG_LIST 1
#define TELNET_PATH "/usr/bin/telnet"
#define RLOGIN_PATH "/usr/bin/rlogin"
#define MV_PATH "/usr/bin/mv"
#define GZIP_PATH "/usr/bin/gzip"
#define UNCOMPRESS_PATH "/usr/bin/gunzip"
#define UNZIP_PATH "/usr/bin/unzip"
#define BZIP2_PATH "/usr/bin/bzip2"
#define TAR_PATH "/usr/bin/tar"
#define TAR_UP_OPTIONS "-cf"
#define TAR_DOWN_OPTIONS "-xf"
#define TAR_FILE_OPTIONS ""
#define TAR_PIPE_OPTIONS "-"
#define RM_PATH "/usr/bin/rm"
#define ZCAT_PATH "/usr/bin/zcat"
#define ZIP_PATH "/usr/bin/zip"
#define INSTALL_PATH "/usr/bin/install"
#define INSTALL_ARGS "-c"
#define TERMIO_AND_CURSES 1
#define HAVE_TERM_H 1
#define ALT_CHAR_SET acs_map
#define FANCY_CURSES 1
#define HAVE_CURSES_VERSION 1
#define COLOR_CURSES 1
#define HAVE_GETBKGD 1
#define HAVE_TERMIO_H 1
#define HAVE_TERMIOS_H 1
#define HAVE_UNISTD_H 1
#define HAVE_SIZECHANGE 1
#define HAVE_TTYTYPE 1
#define HAVE_TERM_H 1
#define HAVE_ASSUME_DEFAULT_COLORS 1
#define HAVE_CBREAK 1
#define HAVE_DEFINE_KEY 1
#define HAVE_DELSCREEN 1
#define HAVE_GETATTRS 1
#define HAVE_GETBEGX 1
#define HAVE_GETBEGY 1
#define HAVE_KEYPAD 1
#define HAVE_NAPMS 1
#define HAVE_NEWPAD 1
#define HAVE_NEWTERM 1
#define HAVE_PNOUTREFRESH 1
#define HAVE_RESIZETERM 1
#define HAVE_TOUCHLINE 1
#define HAVE_TOUCHWIN 1
#define HAVE_USE_DEFAULT_COLORS 1
#define HAVE_USE_LEGACY_CODING 1
#define HAVE_WATTR_GET 1
#define HAVE_WBORDER 1
#define HAVE_WREDRAWLN 1
#define HAVE_WRESIZE 1
#define HAVE__NC_FREE_AND_EXIT 1
#define HAVE__NC_FREEALL 1


configure: exit 0
