Match found!
Node 1: 
{ c4ca4238a0b923820dcc509a6f75849b : 1
alias:
data:
ctrl:
}

Node 2: 
{ c4ca4238a0b923820dcc509a6f75849b : 1
alias:
data:
ctrl:
}
Match found!
Node 1: 
{ c81e728d9d4c2f636f067f89cc14862c : 2
alias:
'3'
data:
ctrl:
}

Node 2: 
{ c81e728d9d4c2f636f067f89cc14862c : 2
alias:
'3'
data:
ctrl:
}
Match found!
Node 1: 
{ eccbc87e4b5ce2fe28308fd9f2a7baf3 : 3
alias:
'2'
data:
ctrl:
}

Node 2: 
{ eccbc87e4b5ce2fe28308fd9f2a7baf3 : 3
alias:
'2'
data:
ctrl:
}
Match found!
Node 1: 
{ c20ad4d76fe97759aa27a0c99bff6710 : 12
alias:
data:
ctrl:
}

Node 2: 
{ c20ad4d76fe97759aa27a0c99bff6710 : 12
alias:
data:
ctrl:
}
